TpTrace Verbose: 0 : 37160, 1, 2024/06/21, 01:02:23.348, 7483126882058, vstest.console.dll, Version: 17.10.0-release-24203-04 Current process architecture: X64
TpTrace Verbose: 0 : 37160, 1, 2024/06/21, 01:02:23.351, 7483126916824, vstest.console.dll, Runtime location: C:\Program Files\dotnet\shared\Microsoft.NETCore.App\8.0.5
TpTrace Verbose: 0 : 37160, 1, 2024/06/21, 01:02:23.356, 7483126959699, vstest.console.dll, ArtifactProcessingPostProcessModeProcessorExecutor.Initialize: ArtifactProcessingMode.Collect
TpTrace Verbose: 0 : 37160, 1, 2024/06/21, 01:02:23.356, 7483126960813, vstest.console.dll, TestSessionCorrelationIdProcessorModeProcessorExecutor.Initialize: TestSessionCorrelationId '31792_afa00169-1833-4e1f-9981-8e4fca17051d'
TpTrace Information: 0 : 37160, 1, 2024/06/21, 01:02:23.361, 7483127016909, vstest.console.dll, FilePatternParser: The given file C:\Users\ignle\OneDrive\Desktop\Vladimir\KLA_Final\NumberConverter_Tests\bin\Release\net6.0\fine-code-coverage\build-output\NumberConverter_Tests.dll is a full path.
TpTrace Verbose: 0 : 37160, 1, 2024/06/21, 01:02:23.370, 7483127099110, vstest.console.dll, TestPluginCache.DiscoverTestExtensions: finding test extensions in assemblies ends with: RuntimeProvider.dll TPluginInfo: Microsoft.VisualStudio.TestPlatform.Common.ExtensionFramework.Utilities.TestRuntimePluginInformation TExtension: Microsoft.VisualStudio.TestPlatform.ObjectModel.Host.ITestRuntimeProvider
TpTrace Verbose: 0 : 37160, 1, 2024/06/21, 01:02:23.370, 7483127101875, vstest.console.dll, TestPluginCache.GetExtensionPaths: Filtered extension paths: 
TpTrace Verbose: 0 : 37160, 1, 2024/06/21, 01:02:23.370, 7483127102433, vstest.console.dll, TestPluginCache.GetExtensionPaths: Added default extension paths: C:\Program Files\dotnet\sdk\8.0.300\Extensions\Microsoft.Diagnostics.NETCore.Client.dll
C:\Program Files\dotnet\sdk\8.0.300\Extensions\Microsoft.TestPlatform.Extensions.BlameDataCollector.dll
C:\Program Files\dotnet\sdk\8.0.300\Extensions\Microsoft.TestPlatform.Extensions.EventLogCollector.dll
C:\Program Files\dotnet\sdk\8.0.300\Extensions\Microsoft.TestPlatform.TestHostRuntimeProvider.dll
C:\Program Files\dotnet\sdk\8.0.300\Extensions\Microsoft.VisualStudio.TestPlatform.Extensions.Html.TestLogger.dll
C:\Program Files\dotnet\sdk\8.0.300\Extensions\Microsoft.VisualStudio.TestPlatform.Extensions.Trx.TestLogger.dll
TpTrace Verbose: 0 : 37160, 1, 2024/06/21, 01:02:23.370, 7483127102685, vstest.console.dll, TestPluginCache.GetExtensionPaths: Added unfilterableExtensionPaths: 
TpTrace Information: 0 : 37160, 1, 2024/06/21, 01:02:23.371, 7483127109534, vstest.console.dll, AssemblyResolver.ctor: Creating AssemblyResolver with searchDirectories C:\Program Files\dotnet\sdk\8.0.300\Extensions,C:\Program Files\dotnet\sdk\8.0.300
TpTrace Verbose: 0 : 37160, 1, 2024/06/21, 01:02:23.372, 7483127126240, vstest.console.dll, TestPluginCache.DiscoverTestExtensions: Discovering the extensions using extension path.
TpTrace Verbose: 0 : 37160, 1, 2024/06/21, 01:02:23.372, 7483127127157, vstest.console.dll, TestPluginCache.GetExtensionPaths: Filtered extension paths: 
TpTrace Verbose: 0 : 37160, 1, 2024/06/21, 01:02:23.372, 7483127127444, vstest.console.dll, TestPluginCache.GetExtensionPaths: Added default extension paths: C:\Program Files\dotnet\sdk\8.0.300\Extensions\Microsoft.Diagnostics.NETCore.Client.dll
C:\Program Files\dotnet\sdk\8.0.300\Extensions\Microsoft.TestPlatform.Extensions.BlameDataCollector.dll
C:\Program Files\dotnet\sdk\8.0.300\Extensions\Microsoft.TestPlatform.Extensions.EventLogCollector.dll
C:\Program Files\dotnet\sdk\8.0.300\Extensions\Microsoft.TestPlatform.TestHostRuntimeProvider.dll
C:\Program Files\dotnet\sdk\8.0.300\Extensions\Microsoft.VisualStudio.TestPlatform.Extensions.Html.TestLogger.dll
C:\Program Files\dotnet\sdk\8.0.300\Extensions\Microsoft.VisualStudio.TestPlatform.Extensions.Trx.TestLogger.dll
TpTrace Verbose: 0 : 37160, 1, 2024/06/21, 01:02:23.373, 7483127127695, vstest.console.dll, TestPluginCache.GetExtensionPaths: Added unfilterableExtensionPaths: 
TpTrace Verbose: 0 : 37160, 1, 2024/06/21, 01:02:23.373, 7483127128083, vstest.console.dll, TestPluginCache.DiscoverTestExtensions: Discovering the extensions using allExtensionPaths: C:\Program Files\dotnet\sdk\8.0.300\Extensions\Microsoft.Diagnostics.NETCore.Client.dll
C:\Program Files\dotnet\sdk\8.0.300\Extensions\Microsoft.TestPlatform.Extensions.BlameDataCollector.dll
C:\Program Files\dotnet\sdk\8.0.300\Extensions\Microsoft.TestPlatform.Extensions.EventLogCollector.dll
C:\Program Files\dotnet\sdk\8.0.300\Extensions\Microsoft.TestPlatform.TestHostRuntimeProvider.dll
C:\Program Files\dotnet\sdk\8.0.300\Extensions\Microsoft.VisualStudio.TestPlatform.Extensions.Html.TestLogger.dll
C:\Program Files\dotnet\sdk\8.0.300\Extensions\Microsoft.VisualStudio.TestPlatform.Extensions.Trx.TestLogger.dll
TpTrace Information: 0 : 37160, 1, 2024/06/21, 01:02:23.373, 7483127129242, vstest.console.dll, AssemblyResolver.AddSearchDirectories: Adding more searchDirectories C:\Program Files\dotnet\sdk\8.0.300\Extensions,C:\Program Files\dotnet\sdk\8.0.300
TpTrace Information: 0 : 37160, 1, 2024/06/21, 01:02:23.373, 7483127129619, vstest.console.dll, AssemblyResolver.AddSearchDirectories: Adding more searchDirectories C:\Program Files\dotnet\sdk\8.0.300\Extensions,C:\Program Files\dotnet\sdk\8.0.300
TpTrace Information: 0 : 37160, 1, 2024/06/21, 01:02:23.373, 7483127129820, vstest.console.dll, AssemblyResolver.AddSearchDirectories: Adding more searchDirectories C:\Program Files\dotnet\sdk\8.0.300\Extensions,C:\Program Files\dotnet\sdk\8.0.300
TpTrace Information: 0 : 37160, 1, 2024/06/21, 01:02:23.373, 7483127130033, vstest.console.dll, AssemblyResolver.AddSearchDirectories: Adding more searchDirectories C:\Program Files\dotnet\sdk\8.0.300\Extensions,C:\Program Files\dotnet\sdk\8.0.300
TpTrace Information: 0 : 37160, 1, 2024/06/21, 01:02:23.373, 7483127130213, vstest.console.dll, AssemblyResolver.AddSearchDirectories: Adding more searchDirectories C:\Program Files\dotnet\sdk\8.0.300\Extensions,C:\Program Files\dotnet\sdk\8.0.300
TpTrace Information: 0 : 37160, 1, 2024/06/21, 01:02:23.373, 7483127130385, vstest.console.dll, AssemblyResolver.AddSearchDirectories: Adding more searchDirectories C:\Program Files\dotnet\sdk\8.0.300\Extensions,C:\Program Files\dotnet\sdk\8.0.300
TpTrace Information: 0 : 37160, 1, 2024/06/21, 01:02:23.374, 7483127138266, vstest.console.dll, AssemblyResolver.OnResolve: Microsoft.Diagnostics.NETCore.Client: Resolving assembly.
TpTrace Information: 0 : 37160, 1, 2024/06/21, 01:02:23.374, 7483127138859, vstest.console.dll, AssemblyResolver.OnResolve: Microsoft.Diagnostics.NETCore.Client: Searching in: 'C:\Program Files\dotnet\sdk\8.0.300\Extensions'.
TpTrace Information: 0 : 37160, 1, 2024/06/21, 01:02:23.386, 7483127264493, vstest.console.dll, AssemblyResolver.OnResolve: Microsoft.Diagnostics.NETCore.Client: Loading assembly 'C:\Program Files\dotnet\sdk\8.0.300\Extensions\Microsoft.Diagnostics.NETCore.Client.dll'.
TpTrace Information: 0 : 37160, 1, 2024/06/21, 01:02:23.388, 7483127280484, vstest.console.dll, AssemblyResolver.OnResolve: Resolved assembly: Microsoft.Diagnostics.NETCore.Client, from path: C:\Program Files\dotnet\sdk\8.0.300\Extensions\Microsoft.Diagnostics.NETCore.Client.dll
TpTrace Verbose: 0 : 37160, 1, 2024/06/21, 01:02:23.391, 7483127312797, vstest.console.dll, MetadataReaderExtensionsHelper: Discovering extensions inside assembly 'Microsoft.Diagnostics.NETCore.Client, Version=0.2.10.15101, Culture=neutral, PublicKeyToken=31bf3856ad364e35' file path 'C:\Program Files\dotnet\sdk\8.0.300\Extensions\Microsoft.Diagnostics.NETCore.Client.dll'
TpTrace Information: 0 : 37160, 1, 2024/06/21, 01:02:23.394, 7483127340882, vstest.console.dll, AssemblyResolver.OnResolve: Microsoft.Bcl.AsyncInterfaces: Resolving assembly.
TpTrace Information: 0 : 37160, 1, 2024/06/21, 01:02:23.394, 7483127341492, vstest.console.dll, AssemblyResolver.OnResolve: Microsoft.Bcl.AsyncInterfaces: Searching in: 'C:\Program Files\dotnet\sdk\8.0.300\Extensions'.
TpTrace Information: 0 : 37160, 1, 2024/06/21, 01:02:23.394, 7483127342037, vstest.console.dll, AssemblyResolver.OnResolve: Microsoft.Bcl.AsyncInterfaces: Assembly path does not exist: 'C:\Program Files\dotnet\sdk\8.0.300\Extensions\Microsoft.Bcl.AsyncInterfaces.dll', returning.
TpTrace Information: 0 : 37160, 1, 2024/06/21, 01:02:23.394, 7483127342808, vstest.console.dll, AssemblyResolver.OnResolve: Microsoft.Bcl.AsyncInterfaces: Assembly path does not exist: 'C:\Program Files\dotnet\sdk\8.0.300\Extensions\Microsoft.Bcl.AsyncInterfaces.exe', returning.
TpTrace Information: 0 : 37160, 1, 2024/06/21, 01:02:23.394, 7483127343028, vstest.console.dll, AssemblyResolver.OnResolve: Microsoft.Bcl.AsyncInterfaces: Searching in: 'C:\Program Files\dotnet\sdk\8.0.300'.
TpTrace Information: 0 : 37160, 1, 2024/06/21, 01:02:23.394, 7483127343420, vstest.console.dll, AssemblyResolver.OnResolve: Microsoft.Bcl.AsyncInterfaces: Assembly path does not exist: 'C:\Program Files\dotnet\sdk\8.0.300\Microsoft.Bcl.AsyncInterfaces.dll', returning.
TpTrace Information: 0 : 37160, 1, 2024/06/21, 01:02:23.394, 7483127343796, vstest.console.dll, AssemblyResolver.OnResolve: Microsoft.Bcl.AsyncInterfaces: Assembly path does not exist: 'C:\Program Files\dotnet\sdk\8.0.300\Microsoft.Bcl.AsyncInterfaces.exe', returning.
TpTrace Information: 0 : 37160, 1, 2024/06/21, 01:02:23.394, 7483127343969, vstest.console.dll, AssemblyResolver.OnResolve: Microsoft.Bcl.AsyncInterfaces: Failed to load assembly.
TpTrace Verbose: 0 : 37160, 1, 2024/06/21, 01:02:23.394, 7483127344207, vstest.console.dll, CurrentDomainAssemblyResolve: Resolving assembly 'Microsoft.Bcl.AsyncInterfaces'.
TpTrace Information: 0 : 37160, 1, 2024/06/21, 01:02:23.394, 7483127346674, vstest.console.dll, AssemblyResolver.OnResolve: Microsoft.Bcl.AsyncInterfaces: Resolving assembly.
TpTrace Information: 0 : 37160, 1, 2024/06/21, 01:02:23.394, 7483127347021, vstest.console.dll, AssemblyResolver.OnResolve: Microsoft.Bcl.AsyncInterfaces: Resolved from cache.
TpTrace Verbose: 0 : 37160, 1, 2024/06/21, 01:02:23.394, 7483127347243, vstest.console.dll, CurrentDomainAssemblyResolve: Resolving assembly 'Microsoft.Bcl.AsyncInterfaces'.
TpTrace Verbose: 0 : 37160, 1, 2024/06/21, 01:02:23.394, 7483127347445, vstest.console.dll, CurrentDomainAssemblyResolve: Failed to resolve assembly 'Microsoft.Bcl.AsyncInterfaces'.
TpTrace Verbose: 0 : 37160, 1, 2024/06/21, 01:02:23.399, 7483127391363, vstest.console.dll, CurrentDomainAssemblyResolve: Failed to resolve assembly 'Microsoft.Bcl.AsyncInterfaces'.
TpTrace Warning: 0 : 37160, 1, 2024/06/21, 01:02:23.414, 7483127545422, vstest.console.dll, TestPluginDiscoverer: Failed to get types from assembly 'Microsoft.Diagnostics.NETCore.Client, Version=0.2.10.15101, Culture=neutral, PublicKeyToken=31bf3856ad364e35'. Error: System.Reflection.ReflectionTypeLoadException: Unable to load one or more of the requested types.
Could not load file or assembly 'Microsoft.Bcl.AsyncInterfaces, Version=6.0.0.0, Culture=neutral, PublicKeyToken=cc7b13ffcd2ddd51'. The system cannot find the file specified.
   at System.Reflection.RuntimeModule.GetTypes(RuntimeModule module)
   at System.Reflection.RuntimeModule.GetTypes()
   at Microsoft.VisualStudio.TestPlatform.Common.ExtensionFramework.TestPluginDiscoverer.GetTestExtensionsFromAssembly[TPluginInfo,TExtension](Assembly assembly, Dictionary`2 pluginInfos, String filePath) in /_/src/Microsoft.TestPlatform.Common/ExtensionFramework/TestPluginDiscoverer.cs:line 158
System.IO.FileNotFoundException: Could not load file or assembly 'Microsoft.Bcl.AsyncInterfaces, Version=6.0.0.0, Culture=neutral, PublicKeyToken=cc7b13ffcd2ddd51'. The system cannot find the file specified.
File name: 'Microsoft.Bcl.AsyncInterfaces, Version=6.0.0.0, Culture=neutral, PublicKeyToken=cc7b13ffcd2ddd51'
 ---> System.IO.FileNotFoundException: Could not load file or assembly 'Microsoft.Bcl.AsyncInterfaces, Culture=neutral, PublicKeyToken=null'. The system cannot find the file specified.
File name: 'Microsoft.Bcl.AsyncInterfaces, Culture=neutral, PublicKeyToken=null'
   at System.Reflection.RuntimeAssembly.InternalLoad(AssemblyName assemblyName, StackCrawlMark& stackMark, AssemblyLoadContext assemblyLoadContext, RuntimeAssembly requestingAssembly, Boolean throwOnFileNotFound)
   at System.Reflection.Assembly.Load(AssemblyName assemblyRef)
   at Microsoft.VisualStudio.TestPlatform.Common.ExtensionFramework.TestPluginCache.CurrentDomainAssemblyResolve(Object sender, AssemblyResolveEventArgs args) in /_/src/Microsoft.TestPlatform.Common/ExtensionFramework/TestPluginCache.cs:line 513
   at System.Runtime.Loader.AssemblyLoadContext.GetFirstResolvedAssemblyFromResolvingEvent(AssemblyName assemblyName)
   at System.Runtime.Loader.AssemblyLoadContext.ResolveUsingEvent(AssemblyName assemblyName)
   at System.Runtime.Loader.AssemblyLoadContext.ResolveUsingResolvingEvent(IntPtr gchManagedAssemblyLoadContext, AssemblyName assemblyName)
TpTrace Warning: 0 : 37160, 1, 2024/06/21, 01:02:23.415, 7483127549088, vstest.console.dll, LoaderExceptions: System.IO.FileNotFoundException: Could not load file or assembly 'Microsoft.Bcl.AsyncInterfaces, Version=6.0.0.0, Culture=neutral, PublicKeyToken=cc7b13ffcd2ddd51'. The system cannot find the file specified.
File name: 'Microsoft.Bcl.AsyncInterfaces, Version=6.0.0.0, Culture=neutral, PublicKeyToken=cc7b13ffcd2ddd51'
 ---> System.IO.FileNotFoundException: Could not load file or assembly 'Microsoft.Bcl.AsyncInterfaces, Culture=neutral, PublicKeyToken=null'. The system cannot find the file specified.
File name: 'Microsoft.Bcl.AsyncInterfaces, Culture=neutral, PublicKeyToken=null'
   at System.Reflection.RuntimeAssembly.InternalLoad(AssemblyName assemblyName, StackCrawlMark& stackMark, AssemblyLoadContext assemblyLoadContext, RuntimeAssembly requestingAssembly, Boolean throwOnFileNotFound)
   at System.Reflection.Assembly.Load(AssemblyName assemblyRef)
   at Microsoft.VisualStudio.TestPlatform.Common.ExtensionFramework.TestPluginCache.CurrentDomainAssemblyResolve(Object sender, AssemblyResolveEventArgs args) in /_/src/Microsoft.TestPlatform.Common/ExtensionFramework/TestPluginCache.cs:line 513
   at System.Runtime.Loader.AssemblyLoadContext.GetFirstResolvedAssemblyFromResolvingEvent(AssemblyName assemblyName)
   at System.Runtime.Loader.AssemblyLoadContext.ResolveUsingEvent(AssemblyName assemblyName)
   at System.Runtime.Loader.AssemblyLoadContext.ResolveUsingResolvingEvent(IntPtr gchManagedAssemblyLoadContext, AssemblyName assemblyName)
TpTrace Information: 0 : 37160, 1, 2024/06/21, 01:02:23.415, 7483127550538, vstest.console.dll, AssemblyResolver.OnResolve: Microsoft.TestPlatform.Extensions.BlameDataCollector: Resolving assembly.
TpTrace Information: 0 : 37160, 1, 2024/06/21, 01:02:23.415, 7483127550897, vstest.console.dll, AssemblyResolver.OnResolve: Microsoft.TestPlatform.Extensions.BlameDataCollector: Searching in: 'C:\Program Files\dotnet\sdk\8.0.300\Extensions'.
TpTrace Information: 0 : 37160, 1, 2024/06/21, 01:02:23.416, 7483127559913, vstest.console.dll, AssemblyResolver.OnResolve: Microsoft.TestPlatform.Extensions.BlameDataCollector: Loading assembly 'C:\Program Files\dotnet\sdk\8.0.300\Extensions\Microsoft.TestPlatform.Extensions.BlameDataCollector.dll'.
TpTrace Information: 0 : 37160, 1, 2024/06/21, 01:02:23.417, 7483127568197, vstest.console.dll, AssemblyResolver.OnResolve: Resolved assembly: Microsoft.TestPlatform.Extensions.BlameDataCollector, from path: C:\Program Files\dotnet\sdk\8.0.300\Extensions\Microsoft.TestPlatform.Extensions.BlameDataCollector.dll
TpTrace Verbose: 0 : 37160, 1, 2024/06/21, 01:02:23.417, 7483127568827, vstest.console.dll, MetadataReaderExtensionsHelper: Discovering extensions inside assembly 'Microsoft.TestPlatform.Extensions.BlameDataCollector, Version=15.0.0.0, Culture=neutral, PublicKeyToken=b03f5f7f11d50a3a' file path 'C:\Program Files\dotnet\sdk\8.0.300\Extensions\Microsoft.TestPlatform.Extensions.BlameDataCollector.dll'
TpTrace Information: 0 : 37160, 1, 2024/06/21, 01:02:23.418, 7483127580269, vstest.console.dll, AssemblyResolver.OnResolve: Microsoft.TestPlatform.Extensions.EventLogCollector: Resolving assembly.
TpTrace Information: 0 : 37160, 1, 2024/06/21, 01:02:23.418, 7483127580692, vstest.console.dll, AssemblyResolver.OnResolve: Microsoft.TestPlatform.Extensions.EventLogCollector: Searching in: 'C:\Program Files\dotnet\sdk\8.0.300\Extensions'.
TpTrace Information: 0 : 37160, 1, 2024/06/21, 01:02:23.418, 7483127584434, vstest.console.dll, AssemblyResolver.OnResolve: Microsoft.TestPlatform.Extensions.EventLogCollector: Loading assembly 'C:\Program Files\dotnet\sdk\8.0.300\Extensions\Microsoft.TestPlatform.Extensions.EventLogCollector.dll'.
TpTrace Information: 0 : 37160, 1, 2024/06/21, 01:02:23.419, 7483127589108, vstest.console.dll, AssemblyResolver.OnResolve: Resolved assembly: Microsoft.TestPlatform.Extensions.EventLogCollector, from path: C:\Program Files\dotnet\sdk\8.0.300\Extensions\Microsoft.TestPlatform.Extensions.EventLogCollector.dll
TpTrace Verbose: 0 : 37160, 1, 2024/06/21, 01:02:23.419, 7483127589554, vstest.console.dll, MetadataReaderExtensionsHelper: Discovering extensions inside assembly 'Microsoft.TestPlatform.Extensions.EventLogCollector, Version=15.0.0.0, Culture=neutral, PublicKeyToken=b03f5f7f11d50a3a' file path 'C:\Program Files\dotnet\sdk\8.0.300\Extensions\Microsoft.TestPlatform.Extensions.EventLogCollector.dll'
TpTrace Information: 0 : 37160, 1, 2024/06/21, 01:02:23.421, 7483127611982, vstest.console.dll, AssemblyResolver.OnResolve: Microsoft.TestPlatform.TestHostRuntimeProvider: Resolving assembly.
TpTrace Information: 0 : 37160, 1, 2024/06/21, 01:02:23.421, 7483127612439, vstest.console.dll, AssemblyResolver.OnResolve: Microsoft.TestPlatform.TestHostRuntimeProvider: Searching in: 'C:\Program Files\dotnet\sdk\8.0.300\Extensions'.
TpTrace Information: 0 : 37160, 1, 2024/06/21, 01:02:23.422, 7483127619396, vstest.console.dll, AssemblyResolver.OnResolve: Microsoft.TestPlatform.TestHostRuntimeProvider: Loading assembly 'C:\Program Files\dotnet\sdk\8.0.300\Extensions\Microsoft.TestPlatform.TestHostRuntimeProvider.dll'.
TpTrace Information: 0 : 37160, 1, 2024/06/21, 01:02:23.423, 7483127627631, vstest.console.dll, AssemblyResolver.OnResolve: Resolved assembly: Microsoft.TestPlatform.TestHostRuntimeProvider, from path: C:\Program Files\dotnet\sdk\8.0.300\Extensions\Microsoft.TestPlatform.TestHostRuntimeProvider.dll
TpTrace Verbose: 0 : 37160, 1, 2024/06/21, 01:02:23.423, 7483127628510, vstest.console.dll, MetadataReaderExtensionsHelper: Discovering extensions inside assembly 'Microsoft.TestPlatform.TestHostRuntimeProvider, Version=15.0.0.0, Culture=neutral, PublicKeyToken=b03f5f7f11d50a3a' file path 'C:\Program Files\dotnet\sdk\8.0.300\Extensions\Microsoft.TestPlatform.TestHostRuntimeProvider.dll'
TpTrace Information: 0 : 37160, 1, 2024/06/21, 01:02:23.425, 7483127647632, vstest.console.dll, GetTestExtensionFromType: Register extension with identifier data 'HostProvider://DefaultTestHost' and type 'Microsoft.VisualStudio.TestPlatform.CrossPlatEngine.Hosting.DefaultTestHostManager, Microsoft.TestPlatform.TestHostRuntimeProvider, Version=15.0.0.0, Culture=neutral, PublicKeyToken=b03f5f7f11d50a3a' inside file 'C:\Program Files\dotnet\sdk\8.0.300\Extensions\Microsoft.TestPlatform.TestHostRuntimeProvider.dll'
TpTrace Information: 0 : 37160, 1, 2024/06/21, 01:02:23.425, 7483127649633, vstest.console.dll, GetTestExtensionFromType: Register extension with identifier data 'HostProvider://DotnetTestHost' and type 'Microsoft.VisualStudio.TestPlatform.CrossPlatEngine.Hosting.DotnetTestHostManager, Microsoft.TestPlatform.TestHostRuntimeProvider, Version=15.0.0.0, Culture=neutral, PublicKeyToken=b03f5f7f11d50a3a' inside file 'C:\Program Files\dotnet\sdk\8.0.300\Extensions\Microsoft.TestPlatform.TestHostRuntimeProvider.dll'
TpTrace Information: 0 : 37160, 1, 2024/06/21, 01:02:23.425, 7483127650276, vstest.console.dll, AssemblyResolver.OnResolve: Microsoft.VisualStudio.TestPlatform.Extensions.Html.TestLogger: Resolving assembly.
TpTrace Information: 0 : 37160, 1, 2024/06/21, 01:02:23.425, 7483127650579, vstest.console.dll, AssemblyResolver.OnResolve: Microsoft.VisualStudio.TestPlatform.Extensions.Html.TestLogger: Searching in: 'C:\Program Files\dotnet\sdk\8.0.300\Extensions'.
TpTrace Information: 0 : 37160, 1, 2024/06/21, 01:02:23.425, 7483127656687, vstest.console.dll, AssemblyResolver.OnResolve: Microsoft.VisualStudio.TestPlatform.Extensions.Html.TestLogger: Loading assembly 'C:\Program Files\dotnet\sdk\8.0.300\Extensions\Microsoft.VisualStudio.TestPlatform.Extensions.Html.TestLogger.dll'.
TpTrace Information: 0 : 37160, 1, 2024/06/21, 01:02:23.426, 7483127660251, vstest.console.dll, AssemblyResolver.OnResolve: Resolved assembly: Microsoft.VisualStudio.TestPlatform.Extensions.Html.TestLogger, from path: C:\Program Files\dotnet\sdk\8.0.300\Extensions\Microsoft.VisualStudio.TestPlatform.Extensions.Html.TestLogger.dll
TpTrace Verbose: 0 : 37160, 1, 2024/06/21, 01:02:23.426, 7483127660767, vstest.console.dll, MetadataReaderExtensionsHelper: Discovering extensions inside assembly 'Microsoft.VisualStudio.TestPlatform.Extensions.Html.TestLogger, Version=15.0.0.0, Culture=neutral, PublicKeyToken=b03f5f7f11d50a3a' file path 'C:\Program Files\dotnet\sdk\8.0.300\Extensions\Microsoft.VisualStudio.TestPlatform.Extensions.Html.TestLogger.dll'
TpTrace Information: 0 : 37160, 1, 2024/06/21, 01:02:23.426, 7483127666502, vstest.console.dll, AssemblyResolver.OnResolve: Microsoft.VisualStudio.TestPlatform.Extensions.Trx.TestLogger: Resolving assembly.
TpTrace Information: 0 : 37160, 1, 2024/06/21, 01:02:23.426, 7483127666900, vstest.console.dll, AssemblyResolver.OnResolve: Microsoft.VisualStudio.TestPlatform.Extensions.Trx.TestLogger: Searching in: 'C:\Program Files\dotnet\sdk\8.0.300\Extensions'.
TpTrace Information: 0 : 37160, 1, 2024/06/21, 01:02:23.427, 7483127674584, vstest.console.dll, AssemblyResolver.OnResolve: Microsoft.VisualStudio.TestPlatform.Extensions.Trx.TestLogger: Loading assembly 'C:\Program Files\dotnet\sdk\8.0.300\Extensions\Microsoft.VisualStudio.TestPlatform.Extensions.Trx.TestLogger.dll'.
TpTrace Information: 0 : 37160, 1, 2024/06/21, 01:02:23.428, 7483127684483, vstest.console.dll, AssemblyResolver.OnResolve: Resolved assembly: Microsoft.VisualStudio.TestPlatform.Extensions.Trx.TestLogger, from path: C:\Program Files\dotnet\sdk\8.0.300\Extensions\Microsoft.VisualStudio.TestPlatform.Extensions.Trx.TestLogger.dll
TpTrace Verbose: 0 : 37160, 1, 2024/06/21, 01:02:23.428, 7483127685332, vstest.console.dll, MetadataReaderExtensionsHelper: Discovering extensions inside assembly 'Microsoft.VisualStudio.TestPlatform.Extensions.Trx.TestLogger, Version=15.0.0.0, Culture=neutral, PublicKeyToken=b03f5f7f11d50a3a' file path 'C:\Program Files\dotnet\sdk\8.0.300\Extensions\Microsoft.VisualStudio.TestPlatform.Extensions.Trx.TestLogger.dll'
TpTrace Verbose: 0 : 37160, 1, 2024/06/21, 01:02:23.430, 7483127699132, vstest.console.dll, TestPluginCache: Discovered the extensions using extension path ''.
TpTrace Verbose: 0 : 37160, 1, 2024/06/21, 01:02:23.430, 7483127699845, vstest.console.dll, TestPluginCache: Discoverers are ''.
TpTrace Verbose: 0 : 37160, 1, 2024/06/21, 01:02:23.430, 7483127700091, vstest.console.dll, TestPluginCache: Executors are ''.
TpTrace Verbose: 0 : 37160, 1, 2024/06/21, 01:02:23.430, 7483127700314, vstest.console.dll, TestPluginCache: Executors2 are ''.
TpTrace Verbose: 0 : 37160, 1, 2024/06/21, 01:02:23.430, 7483127700719, vstest.console.dll, TestPluginCache: Setting providers are ''.
TpTrace Verbose: 0 : 37160, 1, 2024/06/21, 01:02:23.430, 7483127700983, vstest.console.dll, TestPluginCache: Loggers are ''.
TpTrace Verbose: 0 : 37160, 1, 2024/06/21, 01:02:23.430, 7483127702807, vstest.console.dll, TestPluginCache: TestHosts are 'HostProvider://DefaultTestHost,HostProvider://DotnetTestHost'.
TpTrace Verbose: 0 : 37160, 1, 2024/06/21, 01:02:23.430, 7483127703137, vstest.console.dll, TestPluginCache: DataCollectors are ''.
TpTrace Information: 0 : 37160, 1, 2024/06/21, 01:02:23.458, 7483127980502, vstest.console.dll, RunTestsArgumentProcessor:Execute: Test run is starting.
TpTrace Verbose: 0 : 37160, 1, 2024/06/21, 01:02:23.458, 7483127981961, vstest.console.dll, RunTestsArgumentProcessor:Execute: Queuing Test run.
TpTrace Information: 0 : 37160, 1, 2024/06/21, 01:02:23.458, 7483127984649, vstest.console.dll, TestRequestManager.RunTests: run tests started.
TpTrace Information: 0 : 37160, 1, 2024/06/21, 01:02:23.460, 7483128005526, vstest.console.dll, AssemblyMetadataProvider.GetFrameworkName: Determined framework:'.NETCoreApp,Version=v6.0' for source: 'C:\Users\ignle\OneDrive\Desktop\Vladimir\KLA_Final\NumberConverter_Tests\bin\Release\net6.0\fine-code-coverage\build-output\NumberConverter_Tests.dll'
TpTrace Information: 0 : 37160, 1, 2024/06/21, 01:02:23.461, 7483128008097, vstest.console.dll, Determined framework for all sources: .NETCoreApp,Version=v6.0
TpTrace Verbose: 0 : 37160, 1, 2024/06/21, 01:02:23.461, 7483128012437, vstest.console.dll, TestRequestManager.UpdateRunSettingsIfRequired: Default architecture: X64 IsDefaultTargetArchitecture: True, Current process architecture: X64 OperatingSystem: Windows.
TpTrace Information: 0 : 37160, 1, 2024/06/21, 01:02:23.463, 7483128032552, vstest.console.dll, AssemblyMetadataProvider.GetArchitecture: Determined architecture:AnyCPU info for assembly: C:\Users\ignle\OneDrive\Desktop\Vladimir\KLA_Final\NumberConverter_Tests\bin\Release\net6.0\fine-code-coverage\build-output\NumberConverter_Tests.dll
TpTrace Information: 0 : 37160, 1, 2024/06/21, 01:02:23.463, 7483128033955, vstest.console.dll, Determined platform for source 'C:\Users\ignle\OneDrive\Desktop\Vladimir\KLA_Final\NumberConverter_Tests\bin\Release\net6.0\fine-code-coverage\build-output\NumberConverter_Tests.dll' was AnyCPU and it will use the default plaform X64.
TpTrace Information: 0 : 37160, 1, 2024/06/21, 01:02:23.463, 7483128034342, vstest.console.dll, None of the sources provided any runnable platform, using the default platform: X64
TpTrace Information: 0 : 37160, 1, 2024/06/21, 01:02:23.463, 7483128035872, vstest.console.dll, Platform was updated to 'X64'.
TpTrace Information: 0 : 37160, 1, 2024/06/21, 01:02:23.469, 7483128096729, vstest.console.dll, InferRunSettingsHelper.IsTestSettingsEnabled: Unable to navigate to RunSettings/MSTest. Current node: RunSettings
TpTrace Information: 0 : 37160, 1, 2024/06/21, 01:02:23.471, 7483128109392, vstest.console.dll, AssemblyResolver.OnResolve: Microsoft.VisualStudio.TestPlatform.Fakes: Resolving assembly.
TpTrace Information: 0 : 37160, 1, 2024/06/21, 01:02:23.471, 7483128110779, vstest.console.dll, AssemblyResolver.OnResolve: Microsoft.VisualStudio.TestPlatform.Fakes: Searching in: 'C:\Program Files\dotnet\sdk\8.0.300\Extensions'.
TpTrace Information: 0 : 37160, 1, 2024/06/21, 01:02:23.471, 7483128111787, vstest.console.dll, AssemblyResolver.OnResolve: Microsoft.VisualStudio.TestPlatform.Fakes: Assembly path does not exist: 'C:\Program Files\dotnet\sdk\8.0.300\Extensions\Microsoft.VisualStudio.TestPlatform.Fakes.dll', returning.
TpTrace Information: 0 : 37160, 1, 2024/06/21, 01:02:23.471, 7483128112532, vstest.console.dll, AssemblyResolver.OnResolve: Microsoft.VisualStudio.TestPlatform.Fakes: Assembly path does not exist: 'C:\Program Files\dotnet\sdk\8.0.300\Extensions\Microsoft.VisualStudio.TestPlatform.Fakes.exe', returning.
TpTrace Information: 0 : 37160, 1, 2024/06/21, 01:02:23.471, 7483128112849, vstest.console.dll, AssemblyResolver.OnResolve: Microsoft.VisualStudio.TestPlatform.Fakes: Searching in: 'C:\Program Files\dotnet\sdk\8.0.300'.
TpTrace Information: 0 : 37160, 1, 2024/06/21, 01:02:23.471, 7483128113428, vstest.console.dll, AssemblyResolver.OnResolve: Microsoft.VisualStudio.TestPlatform.Fakes: Assembly path does not exist: 'C:\Program Files\dotnet\sdk\8.0.300\Microsoft.VisualStudio.TestPlatform.Fakes.dll', returning.
TpTrace Information: 0 : 37160, 1, 2024/06/21, 01:02:23.471, 7483128113983, vstest.console.dll, AssemblyResolver.OnResolve: Microsoft.VisualStudio.TestPlatform.Fakes: Assembly path does not exist: 'C:\Program Files\dotnet\sdk\8.0.300\Microsoft.VisualStudio.TestPlatform.Fakes.exe', returning.
TpTrace Information: 0 : 37160, 1, 2024/06/21, 01:02:23.471, 7483128114297, vstest.console.dll, AssemblyResolver.OnResolve: Microsoft.VisualStudio.TestPlatform.Fakes: Failed to load assembly.
TpTrace Information: 0 : 37160, 1, 2024/06/21, 01:02:23.472, 7483128117787, vstest.console.dll, Failed to load assembly Microsoft.VisualStudio.TestPlatform.Fakes, Version=17.0.0.0, Culture=neutral. Reason:System.IO.FileNotFoundException: Could not load file or assembly 'Microsoft.VisualStudio.TestPlatform.Fakes, Version=17.0.0.0, Culture=neutral, PublicKeyToken=null'. The system cannot find the file specified.
File name: 'Microsoft.VisualStudio.TestPlatform.Fakes, Version=17.0.0.0, Culture=neutral, PublicKeyToken=null'
   at System.Reflection.RuntimeAssembly.InternalLoad(AssemblyName assemblyName, StackCrawlMark& stackMark, AssemblyLoadContext assemblyLoadContext, RuntimeAssembly requestingAssembly, Boolean throwOnFileNotFound)
   at System.Reflection.Assembly.Load(AssemblyName assemblyRef)
   at Microsoft.VisualStudio.TestPlatform.Common.Utilities.FakesUtilities.LoadTestPlatformAssembly() in /_/src/Microsoft.TestPlatform.Common/Utilities/FakesUtilities.cs:line 272
TpTrace Verbose: 0 : 37160, 1, 2024/06/21, 01:02:23.477, 7483128170806, vstest.console.dll, TestPluginCache.DiscoverTestExtensions: finding test extensions in assemblies ends with: TestLogger.dll TPluginInfo: Microsoft.VisualStudio.TestPlatform.Common.ExtensionFramework.Utilities.TestLoggerPluginInformation TExtension: Microsoft.VisualStudio.TestPlatform.ObjectModel.Client.ITestLogger
TpTrace Verbose: 0 : 37160, 1, 2024/06/21, 01:02:23.477, 7483128173703, vstest.console.dll, TestPluginCache.GetExtensionPaths: Filtered extension paths: 
TpTrace Verbose: 0 : 37160, 1, 2024/06/21, 01:02:23.477, 7483128174597, vstest.console.dll, TestPluginCache.GetExtensionPaths: Added default extension paths: C:\Program Files\dotnet\sdk\8.0.300\Extensions\Microsoft.Diagnostics.NETCore.Client.dll
C:\Program Files\dotnet\sdk\8.0.300\Extensions\Microsoft.TestPlatform.Extensions.BlameDataCollector.dll
C:\Program Files\dotnet\sdk\8.0.300\Extensions\Microsoft.TestPlatform.Extensions.EventLogCollector.dll
C:\Program Files\dotnet\sdk\8.0.300\Extensions\Microsoft.TestPlatform.TestHostRuntimeProvider.dll
C:\Program Files\dotnet\sdk\8.0.300\Extensions\Microsoft.VisualStudio.TestPlatform.Extensions.Html.TestLogger.dll
C:\Program Files\dotnet\sdk\8.0.300\Extensions\Microsoft.VisualStudio.TestPlatform.Extensions.Trx.TestLogger.dll
TpTrace Verbose: 0 : 37160, 1, 2024/06/21, 01:02:23.477, 7483128174939, vstest.console.dll, TestPluginCache.GetExtensionPaths: Added unfilterableExtensionPaths: 
TpTrace Information: 0 : 37160, 1, 2024/06/21, 01:02:23.477, 7483128176591, vstest.console.dll, AssemblyResolver.AddSearchDirectories: Adding more searchDirectories C:\Program Files\dotnet\sdk\8.0.300\Extensions,C:\Program Files\dotnet\sdk\8.0.300
TpTrace Verbose: 0 : 37160, 1, 2024/06/21, 01:02:23.477, 7483128177136, vstest.console.dll, TestPluginCache.DiscoverTestExtensions: Discovering the extensions using extension path.
TpTrace Verbose: 0 : 37160, 1, 2024/06/21, 01:02:23.478, 7483128177500, vstest.console.dll, TestPluginCache.GetExtensionPaths: Filtered extension paths: 
TpTrace Verbose: 0 : 37160, 1, 2024/06/21, 01:02:23.478, 7483128177900, vstest.console.dll, TestPluginCache.GetExtensionPaths: Added default extension paths: C:\Program Files\dotnet\sdk\8.0.300\Extensions\Microsoft.Diagnostics.NETCore.Client.dll
C:\Program Files\dotnet\sdk\8.0.300\Extensions\Microsoft.TestPlatform.Extensions.BlameDataCollector.dll
C:\Program Files\dotnet\sdk\8.0.300\Extensions\Microsoft.TestPlatform.Extensions.EventLogCollector.dll
C:\Program Files\dotnet\sdk\8.0.300\Extensions\Microsoft.TestPlatform.TestHostRuntimeProvider.dll
C:\Program Files\dotnet\sdk\8.0.300\Extensions\Microsoft.VisualStudio.TestPlatform.Extensions.Html.TestLogger.dll
C:\Program Files\dotnet\sdk\8.0.300\Extensions\Microsoft.VisualStudio.TestPlatform.Extensions.Trx.TestLogger.dll
TpTrace Verbose: 0 : 37160, 1, 2024/06/21, 01:02:23.478, 7483128178190, vstest.console.dll, TestPluginCache.GetExtensionPaths: Added unfilterableExtensionPaths: 
TpTrace Verbose: 0 : 37160, 1, 2024/06/21, 01:02:23.478, 7483128178572, vstest.console.dll, TestPluginCache.DiscoverTestExtensions: Discovering the extensions using allExtensionPaths: C:\Program Files\dotnet\sdk\8.0.300\Extensions\Microsoft.Diagnostics.NETCore.Client.dll
C:\Program Files\dotnet\sdk\8.0.300\Extensions\Microsoft.TestPlatform.Extensions.BlameDataCollector.dll
C:\Program Files\dotnet\sdk\8.0.300\Extensions\Microsoft.TestPlatform.Extensions.EventLogCollector.dll
C:\Program Files\dotnet\sdk\8.0.300\Extensions\Microsoft.TestPlatform.TestHostRuntimeProvider.dll
C:\Program Files\dotnet\sdk\8.0.300\Extensions\Microsoft.VisualStudio.TestPlatform.Extensions.Html.TestLogger.dll
C:\Program Files\dotnet\sdk\8.0.300\Extensions\Microsoft.VisualStudio.TestPlatform.Extensions.Trx.TestLogger.dll
TpTrace Information: 0 : 37160, 1, 2024/06/21, 01:02:23.478, 7483128180064, vstest.console.dll, AssemblyResolver.AddSearchDirectories: Adding more searchDirectories C:\Program Files\dotnet\sdk\8.0.300\Extensions,C:\Program Files\dotnet\sdk\8.0.300
TpTrace Information: 0 : 37160, 1, 2024/06/21, 01:02:23.478, 7483128181115, vstest.console.dll, AssemblyResolver.AddSearchDirectories: Adding more searchDirectories C:\Program Files\dotnet\sdk\8.0.300\Extensions,C:\Program Files\dotnet\sdk\8.0.300
TpTrace Information: 0 : 37160, 1, 2024/06/21, 01:02:23.478, 7483128181493, vstest.console.dll, AssemblyResolver.AddSearchDirectories: Adding more searchDirectories C:\Program Files\dotnet\sdk\8.0.300\Extensions,C:\Program Files\dotnet\sdk\8.0.300
TpTrace Information: 0 : 37160, 1, 2024/06/21, 01:02:23.478, 7483128181815, vstest.console.dll, AssemblyResolver.AddSearchDirectories: Adding more searchDirectories C:\Program Files\dotnet\sdk\8.0.300\Extensions,C:\Program Files\dotnet\sdk\8.0.300
TpTrace Information: 0 : 37160, 1, 2024/06/21, 01:02:23.478, 7483128182119, vstest.console.dll, AssemblyResolver.AddSearchDirectories: Adding more searchDirectories C:\Program Files\dotnet\sdk\8.0.300\Extensions,C:\Program Files\dotnet\sdk\8.0.300
TpTrace Information: 0 : 37160, 1, 2024/06/21, 01:02:23.478, 7483128182476, vstest.console.dll, AssemblyResolver.AddSearchDirectories: Adding more searchDirectories C:\Program Files\dotnet\sdk\8.0.300\Extensions,C:\Program Files\dotnet\sdk\8.0.300
TpTrace Verbose: 0 : 37160, 1, 2024/06/21, 01:02:23.478, 7483128183810, vstest.console.dll, MetadataReaderExtensionsHelper: Discovering extensions inside assembly 'Microsoft.Diagnostics.NETCore.Client, Version=0.2.10.15101, Culture=neutral, PublicKeyToken=31bf3856ad364e35' file path 'C:\Program Files\dotnet\sdk\8.0.300\Extensions\Microsoft.Diagnostics.NETCore.Client.dll'
TpTrace Information: 0 : 37160, 1, 2024/06/21, 01:02:23.479, 7483128194504, vstest.console.dll, AssemblyResolver.OnResolve: Microsoft.Bcl.AsyncInterfaces: Resolving assembly.
TpTrace Information: 0 : 37160, 1, 2024/06/21, 01:02:23.479, 7483128195192, vstest.console.dll, AssemblyResolver.OnResolve: Microsoft.Bcl.AsyncInterfaces: Resolved from cache.
TpTrace Verbose: 0 : 37160, 1, 2024/06/21, 01:02:23.479, 7483128195513, vstest.console.dll, CurrentDomainAssemblyResolve: Resolving assembly 'Microsoft.Bcl.AsyncInterfaces'.
TpTrace Information: 0 : 37160, 1, 2024/06/21, 01:02:23.479, 7483128195996, vstest.console.dll, AssemblyResolver.OnResolve: Microsoft.Bcl.AsyncInterfaces: Resolving assembly.
TpTrace Information: 0 : 37160, 1, 2024/06/21, 01:02:23.479, 7483128196357, vstest.console.dll, AssemblyResolver.OnResolve: Microsoft.Bcl.AsyncInterfaces: Resolved from cache.
TpTrace Verbose: 0 : 37160, 1, 2024/06/21, 01:02:23.479, 7483128196633, vstest.console.dll, CurrentDomainAssemblyResolve: Resolving assembly 'Microsoft.Bcl.AsyncInterfaces'.
TpTrace Verbose: 0 : 37160, 1, 2024/06/21, 01:02:23.479, 7483128196923, vstest.console.dll, CurrentDomainAssemblyResolve: Failed to resolve assembly 'Microsoft.Bcl.AsyncInterfaces'.
TpTrace Verbose: 0 : 37160, 1, 2024/06/21, 01:02:23.480, 7483128198401, vstest.console.dll, CurrentDomainAssemblyResolve: Failed to resolve assembly 'Microsoft.Bcl.AsyncInterfaces'.
TpTrace Warning: 0 : 37160, 1, 2024/06/21, 01:02:23.480, 7483128202219, vstest.console.dll, TestPluginDiscoverer: Failed to get types from assembly 'Microsoft.Diagnostics.NETCore.Client, Version=0.2.10.15101, Culture=neutral, PublicKeyToken=31bf3856ad364e35'. Error: System.Reflection.ReflectionTypeLoadException: Unable to load one or more of the requested types.
Could not load file or assembly 'Microsoft.Bcl.AsyncInterfaces, Version=6.0.0.0, Culture=neutral, PublicKeyToken=cc7b13ffcd2ddd51'. The system cannot find the file specified.
   at System.Reflection.RuntimeModule.GetTypes(RuntimeModule module)
   at System.Reflection.RuntimeModule.GetTypes()
   at Microsoft.VisualStudio.TestPlatform.Common.ExtensionFramework.TestPluginDiscoverer.GetTestExtensionsFromAssembly[TPluginInfo,TExtension](Assembly assembly, Dictionary`2 pluginInfos, String filePath) in /_/src/Microsoft.TestPlatform.Common/ExtensionFramework/TestPluginDiscoverer.cs:line 158
System.IO.FileNotFoundException: Could not load file or assembly 'Microsoft.Bcl.AsyncInterfaces, Version=6.0.0.0, Culture=neutral, PublicKeyToken=cc7b13ffcd2ddd51'. The system cannot find the file specified.
File name: 'Microsoft.Bcl.AsyncInterfaces, Version=6.0.0.0, Culture=neutral, PublicKeyToken=cc7b13ffcd2ddd51'
 ---> System.IO.FileNotFoundException: Could not load file or assembly 'Microsoft.Bcl.AsyncInterfaces, Culture=neutral, PublicKeyToken=null'. The system cannot find the file specified.
File name: 'Microsoft.Bcl.AsyncInterfaces, Culture=neutral, PublicKeyToken=null'
   at System.Reflection.RuntimeAssembly.InternalLoad(AssemblyName assemblyName, StackCrawlMark& stackMark, AssemblyLoadContext assemblyLoadContext, RuntimeAssembly requestingAssembly, Boolean throwOnFileNotFound)
   at System.Reflection.Assembly.Load(AssemblyName assemblyRef)
   at Microsoft.VisualStudio.TestPlatform.Common.ExtensionFramework.TestPluginCache.CurrentDomainAssemblyResolve(Object sender, AssemblyResolveEventArgs args) in /_/src/Microsoft.TestPlatform.Common/ExtensionFramework/TestPluginCache.cs:line 513
   at System.Runtime.Loader.AssemblyLoadContext.GetFirstResolvedAssemblyFromResolvingEvent(AssemblyName assemblyName)
   at System.Runtime.Loader.AssemblyLoadContext.ResolveUsingEvent(AssemblyName assemblyName)
   at System.Runtime.Loader.AssemblyLoadContext.ResolveUsingResolvingEvent(IntPtr gchManagedAssemblyLoadContext, AssemblyName assemblyName)
TpTrace Warning: 0 : 37160, 1, 2024/06/21, 01:02:23.480, 7483128204080, vstest.console.dll, LoaderExceptions: System.IO.FileNotFoundException: Could not load file or assembly 'Microsoft.Bcl.AsyncInterfaces, Version=6.0.0.0, Culture=neutral, PublicKeyToken=cc7b13ffcd2ddd51'. The system cannot find the file specified.
File name: 'Microsoft.Bcl.AsyncInterfaces, Version=6.0.0.0, Culture=neutral, PublicKeyToken=cc7b13ffcd2ddd51'
 ---> System.IO.FileNotFoundException: Could not load file or assembly 'Microsoft.Bcl.AsyncInterfaces, Culture=neutral, PublicKeyToken=null'. The system cannot find the file specified.
File name: 'Microsoft.Bcl.AsyncInterfaces, Culture=neutral, PublicKeyToken=null'
   at System.Reflection.RuntimeAssembly.InternalLoad(AssemblyName assemblyName, StackCrawlMark& stackMark, AssemblyLoadContext assemblyLoadContext, RuntimeAssembly requestingAssembly, Boolean throwOnFileNotFound)
   at System.Reflection.Assembly.Load(AssemblyName assemblyRef)
   at Microsoft.VisualStudio.TestPlatform.Common.ExtensionFramework.TestPluginCache.CurrentDomainAssemblyResolve(Object sender, AssemblyResolveEventArgs args) in /_/src/Microsoft.TestPlatform.Common/ExtensionFramework/TestPluginCache.cs:line 513
   at System.Runtime.Loader.AssemblyLoadContext.GetFirstResolvedAssemblyFromResolvingEvent(AssemblyName assemblyName)
   at System.Runtime.Loader.AssemblyLoadContext.ResolveUsingEvent(AssemblyName assemblyName)
   at System.Runtime.Loader.AssemblyLoadContext.ResolveUsingResolvingEvent(IntPtr gchManagedAssemblyLoadContext, AssemblyName assemblyName)
TpTrace Verbose: 0 : 37160, 1, 2024/06/21, 01:02:23.480, 7483128204999, vstest.console.dll, MetadataReaderExtensionsHelper: Discovering extensions inside assembly 'Microsoft.TestPlatform.Extensions.BlameDataCollector, Version=15.0.0.0, Culture=neutral, PublicKeyToken=b03f5f7f11d50a3a' file path 'C:\Program Files\dotnet\sdk\8.0.300\Extensions\Microsoft.TestPlatform.Extensions.BlameDataCollector.dll'
TpTrace Information: 0 : 37160, 1, 2024/06/21, 01:02:23.481, 7483128210573, vstest.console.dll, GetTestExtensionFromType: Register extension with identifier data 'logger://Microsoft/TestPlatform/Extensions/Blame/v1' and type 'Microsoft.TestPlatform.Extensions.BlameDataCollector.BlameLogger, Microsoft.TestPlatform.Extensions.BlameDataCollector, Version=15.0.0.0, Culture=neutral, PublicKeyToken=b03f5f7f11d50a3a' inside file 'C:\Program Files\dotnet\sdk\8.0.300\Extensions\Microsoft.TestPlatform.Extensions.BlameDataCollector.dll'
TpTrace Verbose: 0 : 37160, 1, 2024/06/21, 01:02:23.481, 7483128211349, vstest.console.dll, MetadataReaderExtensionsHelper: Discovering extensions inside assembly 'Microsoft.TestPlatform.Extensions.EventLogCollector, Version=15.0.0.0, Culture=neutral, PublicKeyToken=b03f5f7f11d50a3a' file path 'C:\Program Files\dotnet\sdk\8.0.300\Extensions\Microsoft.TestPlatform.Extensions.EventLogCollector.dll'
TpTrace Verbose: 0 : 37160, 1, 2024/06/21, 01:02:23.481, 7483128215255, vstest.console.dll, MetadataReaderExtensionsHelper: Discovering extensions inside assembly 'Microsoft.TestPlatform.TestHostRuntimeProvider, Version=15.0.0.0, Culture=neutral, PublicKeyToken=b03f5f7f11d50a3a' file path 'C:\Program Files\dotnet\sdk\8.0.300\Extensions\Microsoft.TestPlatform.TestHostRuntimeProvider.dll'
TpTrace Verbose: 0 : 37160, 1, 2024/06/21, 01:02:23.482, 7483128218284, vstest.console.dll, MetadataReaderExtensionsHelper: Discovering extensions inside assembly 'Microsoft.VisualStudio.TestPlatform.Extensions.Html.TestLogger, Version=15.0.0.0, Culture=neutral, PublicKeyToken=b03f5f7f11d50a3a' file path 'C:\Program Files\dotnet\sdk\8.0.300\Extensions\Microsoft.VisualStudio.TestPlatform.Extensions.Html.TestLogger.dll'
TpTrace Information: 0 : 37160, 1, 2024/06/21, 01:02:23.482, 7483128225126, vstest.console.dll, GetTestExtensionFromType: Register extension with identifier data 'logger://Microsoft/TestPlatform/HtmlLogger/v1' and type 'Microsoft.VisualStudio.TestPlatform.Extensions.HtmlLogger.HtmlLogger, Microsoft.VisualStudio.TestPlatform.Extensions.Html.TestLogger, Version=15.0.0.0, Culture=neutral, PublicKeyToken=b03f5f7f11d50a3a' inside file 'C:\Program Files\dotnet\sdk\8.0.300\Extensions\Microsoft.VisualStudio.TestPlatform.Extensions.Html.TestLogger.dll'
TpTrace Verbose: 0 : 37160, 1, 2024/06/21, 01:02:23.482, 7483128226031, vstest.console.dll, MetadataReaderExtensionsHelper: Discovering extensions inside assembly 'Microsoft.VisualStudio.TestPlatform.Extensions.Trx.TestLogger, Version=15.0.0.0, Culture=neutral, PublicKeyToken=b03f5f7f11d50a3a' file path 'C:\Program Files\dotnet\sdk\8.0.300\Extensions\Microsoft.VisualStudio.TestPlatform.Extensions.Trx.TestLogger.dll'
TpTrace Information: 0 : 37160, 1, 2024/06/21, 01:02:23.483, 7483128229705, vstest.console.dll, GetTestExtensionFromType: Register extension with identifier data 'logger://Microsoft/TestPlatform/TrxLogger/v1' and type 'Microsoft.VisualStudio.TestPlatform.Extensions.TrxLogger.TrxLogger, Microsoft.VisualStudio.TestPlatform.Extensions.Trx.TestLogger, Version=15.0.0.0, Culture=neutral, PublicKeyToken=b03f5f7f11d50a3a' inside file 'C:\Program Files\dotnet\sdk\8.0.300\Extensions\Microsoft.VisualStudio.TestPlatform.Extensions.Trx.TestLogger.dll'
TpTrace Verbose: 0 : 37160, 1, 2024/06/21, 01:02:23.483, 7483128230669, vstest.console.dll, TestPluginCache: Discovered the extensions using extension path ''.
TpTrace Verbose: 0 : 37160, 1, 2024/06/21, 01:02:23.483, 7483128231088, vstest.console.dll, TestPluginCache: Discoverers are ''.
TpTrace Verbose: 0 : 37160, 1, 2024/06/21, 01:02:23.483, 7483128231391, vstest.console.dll, TestPluginCache: Executors are ''.
TpTrace Verbose: 0 : 37160, 1, 2024/06/21, 01:02:23.483, 7483128231667, vstest.console.dll, TestPluginCache: Executors2 are ''.
TpTrace Verbose: 0 : 37160, 1, 2024/06/21, 01:02:23.483, 7483128231940, vstest.console.dll, TestPluginCache: Setting providers are ''.
TpTrace Verbose: 0 : 37160, 1, 2024/06/21, 01:02:23.483, 7483128232837, vstest.console.dll, TestPluginCache: Loggers are 'logger://Microsoft/TestPlatform/Extensions/Blame/v1,logger://Microsoft/TestPlatform/HtmlLogger/v1,logger://Microsoft/TestPlatform/TrxLogger/v1'.
TpTrace Verbose: 0 : 37160, 1, 2024/06/21, 01:02:23.483, 7483128233381, vstest.console.dll, TestPluginCache: TestHosts are 'HostProvider://DefaultTestHost,HostProvider://DotnetTestHost'.
TpTrace Verbose: 0 : 37160, 1, 2024/06/21, 01:02:23.483, 7483128234393, vstest.console.dll, TestPluginCache: DataCollectors are ''.
TpTrace Information: 0 : 37160, 1, 2024/06/21, 01:02:23.484, 7483128245200, vstest.console.dll, TestPluginManager.CreateTestExtension: Attempting to load test extension: Microsoft.TestPlatform.Extensions.BlameDataCollector.BlameLogger
TpTrace Verbose: 0 : 37160, 1, 2024/06/21, 01:02:23.495, 7483128356626, vstest.console.dll, TestEngine: Initializing Parallel Execution as MaxCpuCount is set to: 1
TpTrace Information: 0 : 37160, 1, 2024/06/21, 01:02:23.498, 7483128378233, vstest.console.dll, TestPluginManager.CreateTestExtension: Attempting to load test extension: Microsoft.VisualStudio.TestPlatform.CrossPlatEngine.Hosting.DefaultTestHostManager
TpTrace Information: 0 : 37160, 1, 2024/06/21, 01:02:23.499, 7483128390482, vstest.console.dll, TestPluginManager.CreateTestExtension: Attempting to load test extension: Microsoft.VisualStudio.TestPlatform.CrossPlatEngine.Hosting.DotnetTestHostManager
TpTrace Information: 0 : 37160, 1, 2024/06/21, 01:02:23.499, 7483128397370, vstest.console.dll, InferRunSettingsHelper.IsTestSettingsEnabled: Unable to navigate to RunSettings/MSTest. Current node: RunSettings
TpTrace Verbose: 0 : 37160, 1, 2024/06/21, 01:02:23.501, 7483128408207, vstest.console.dll, ParallelOperationManager.ClearSlots: Clearing all slots. Slots should accept more work: True
TpTrace Verbose: 0 : 37160, 1, 2024/06/21, 01:02:23.501, 7483128414524, vstest.console.dll, ParallelOperationManager.SetOccupiedSlotCount: Setting slot counts AvailableSlotCount = 1, OccupiedSlotCount = 0.
TpTrace Verbose: 0 : 37160, 1, 2024/06/21, 01:02:23.502, 7483128417769, vstest.console.dll, Occupied slots:

TpTrace Verbose: 0 : 37160, 1, 2024/06/21, 01:02:23.505, 7483128453730, vstest.console.dll, TestEngine.GetExecutionManager: Chosen execution manager 'Microsoft.VisualStudio.TestPlatform.CrossPlatEngine.Client.Parallel.ParallelProxyExecutionManager, Microsoft.TestPlatform.CrossPlatEngine, Version=15.0.0.0, Culture=neutral, PublicKeyToken=b03f5f7f11d50a3a' ParallelLevel '1'.
TpTrace Verbose: 0 : 37160, 1, 2024/06/21, 01:02:23.505, 7483128455617, vstest.console.dll, TestRunRequest.ExecuteAsync: Creating test run request.
TpTrace Verbose: 0 : 37160, 1, 2024/06/21, 01:02:23.506, 7483128458174, vstest.console.dll, TestRunRequest.ExecuteAsync: Starting.
TpTrace Information: 0 : 37160, 1, 2024/06/21, 01:02:23.507, 7483128470168, vstest.console.dll, TestRunRequest.ExecuteAsync: Starting run with settings:TestRunCriteria:
   KeepAlive=False,FrequencyOfRunStatsChangeEvent=10,RunStatsChangeEventTimeout=00:00:01.5000000,TestCaseFilter=,TestExecutorLauncher=
   Settingsxml=<RunSettings>
  <RunConfiguration>
    <ResultsDirectory>C:\Users\ignle\OneDrive\Desktop\Vladimir\KLA_Final\NumberConverter_Tests\bin\Release\net6.0\fine-code-coverage\coverage-tool-output</ResultsDirectory>
    <TargetPlatform>X64</TargetPlatform>
    <TargetFrameworkVersion>.NETCoreApp,Version=v6.0</TargetFrameworkVersion>
    <DesignMode>False</DesignMode>
    <CollectSourceInformation>False</CollectSourceInformation>
  </RunConfiguration>
  <LoggerRunSettings>
    <Loggers>
      <Logger friendlyName="blame" enabled="True" />
      <Logger friendlyName="Console" uri="logger://microsoft/TestPlatform/ConsoleLogger/v1" assemblyQualifiedName="Microsoft.VisualStudio.TestPlatform.CommandLine.Internal.ConsoleLogger, vstest.console, Version=15.0.0.0, Culture=neutral, PublicKeyToken=b03f5f7f11d50a3a" codeBase="C:\Program Files\dotnet\sdk\8.0.300\vstest.console.dll" enabled="True" />
    </Loggers>
  </LoggerRunSettings>
  <DataCollectionRunSettings>
    <DataCollectors>
      <DataCollector friendlyName="blame" enabled="True">
        <Configuration>
          <ResultsDirectory>C:\Users\ignle\OneDrive\Desktop\Vladimir\KLA_Final\NumberConverter_Tests\bin\Release\net6.0\fine-code-coverage\coverage-tool-output</ResultsDirectory>
        </Configuration>
      </DataCollector>
    </DataCollectors>
  </DataCollectionRunSettings>
</RunSettings>

TpTrace Verbose: 0 : 37160, 1, 2024/06/21, 01:02:23.507, 7483128470988, vstest.console.dll, TestRunRequest.ExecuteAsync: Wait for the first run request is over.
TpTrace Verbose: 0 : 37160, 1, 2024/06/21, 01:02:23.507, 7483128475862, vstest.console.dll, MulticastDelegateUtilities.SafeInvoke: TestRun.TestRunStart: Invoking callbacks was skipped because there are no subscribers.
TpTrace Verbose: 0 : 37160, 4, 2024/06/21, 01:02:23.508, 7483128478138, vstest.console.dll, MulticastDelegateUtilities.SafeInvoke: InternalTestLoggerEvents.SendTestRunStart: Invoking callback 1/1 for Microsoft.VisualStudio.TestPlatform.CommandLine.Internal.ConsoleLogger., took 0 ms.
TpTrace Verbose: 0 : 37160, 1, 2024/06/21, 01:02:23.509, 7483128488701, vstest.console.dll, ParallelProxyExecutionManager: Start execution. Total sources: 1
TpTrace Verbose: 0 : 37160, 1, 2024/06/21, 01:02:23.509, 7483128492607, vstest.console.dll, ParallelOperationManager.StartWork: Starting adding 1 workloads.
TpTrace Verbose: 0 : 37160, 1, 2024/06/21, 01:02:23.509, 7483128493320, vstest.console.dll, ParallelOperationManager.ClearSlots: Clearing all slots. Slots should accept more work: True
TpTrace Verbose: 0 : 37160, 1, 2024/06/21, 01:02:23.509, 7483128494010, vstest.console.dll, ParallelOperationManager.SetOccupiedSlotCount: Setting slot counts AvailableSlotCount = 1, OccupiedSlotCount = 0.
TpTrace Verbose: 0 : 37160, 1, 2024/06/21, 01:02:23.509, 7483128494400, vstest.console.dll, Occupied slots:

TpTrace Verbose: 0 : 37160, 1, 2024/06/21, 01:02:23.511, 7483128512646, vstest.console.dll, TestRequestSender is acting as server.
TpTrace Verbose: 0 : 37160, 1, 2024/06/21, 01:02:23.513, 7483128533170, vstest.console.dll, ParallelOperationManager.RunWorkInParallel: Adding 1 workload to slot, remaining workloads 0.
TpTrace Verbose: 0 : 37160, 1, 2024/06/21, 01:02:23.513, 7483128534109, vstest.console.dll, ParallelOperationManager.SetOccupiedSlotCount: Setting slot counts AvailableSlotCount = 0, OccupiedSlotCount = 1.
TpTrace Verbose: 0 : 37160, 1, 2024/06/21, 01:02:23.513, 7483128535375, vstest.console.dll, Occupied slots:
0: C:\Users\ignle\OneDrive\Desktop\Vladimir\KLA_Final\NumberConverter_Tests\bin\Release\net6.0\fine-code-coverage\build-output\NumberConverter_Tests.dll
TpTrace Verbose: 0 : 37160, 1, 2024/06/21, 01:02:23.515, 7483128552320, vstest.console.dll, ParallelOperationManager.RunWorkInParallel: Started host in slot number 0 for work (source): C:\Users\ignle\OneDrive\Desktop\Vladimir\KLA_Final\NumberConverter_Tests\bin\Release\net6.0\fine-code-coverage\build-output\NumberConverter_Tests.dll.
TpTrace Verbose: 0 : 37160, 1, 2024/06/21, 01:02:23.517, 7483128572002, vstest.console.dll, ParallelOperationManager.RunWorkInParallel: We started 1 work items, which is the max parallel level. Won't start more work.
TpTrace Verbose: 0 : 37160, 1, 2024/06/21, 01:02:23.517, 7483128573911, vstest.console.dll, ParallelOperationManager.RunWorkInParallel: We started 1 work items in here, returning True.
TpTrace Information: 0 : 37160, 1, 2024/06/21, 01:02:23.517, 7483128574587, vstest.console.dll, TestRunRequest.ExecuteAsync: Started.
TpTrace Verbose: 0 : 37160, 5, 2024/06/21, 01:02:23.518, 7483128579555, vstest.console.dll, ParallelProxyExecutionManager.StartTestRunOnConcurrentManager: Initializing uninitialized client. Started clients: 0
TpTrace Verbose: 0 : 37160, 1, 2024/06/21, 01:02:23.518, 7483128582275, vstest.console.dll, TestRunRequest.WaitForCompletion: Waiting with timeout -1.
TpTrace Verbose: 0 : 37160, 5, 2024/06/21, 01:02:23.518, 7483128586652, vstest.console.dll, DataCollectionRequestSender.InitializeCommunication : Initialize communication. 
TpTrace Information: 0 : 37160, 5, 2024/06/21, 01:02:23.533, 7483128733693, vstest.console.dll, Listening on Endpoint : 127.0.0.1:52288
TpTrace Verbose: 0 : 37160, 5, 2024/06/21, 01:02:23.543, 7483128829489, vstest.console.dll, DotnetDataCollectionLauncher: Adding  --runtimeconfig "C:\Program Files\dotnet\sdk\8.0.300\datacollector.runtimeconfig.json" in args
TpTrace Verbose: 0 : 37160, 5, 2024/06/21, 01:02:23.543, 7483128831283, vstest.console.dll, DotnetDataCollectionLauncher: Adding  --depsfile "C:\Program Files\dotnet\sdk\8.0.300\datacollector.deps.json" in args
TpTrace Verbose: 0 : 37160, 5, 2024/06/21, 01:02:23.543, 7483128833725, vstest.console.dll, DotnetDataCollectionLauncher: Full path of dotnet.exe is C:\Program Files\dotnet\dotnet.exe
TpTrace Information: 0 : 37160, 5, 2024/06/21, 01:02:23.558, 7483128986175, vstest.console.dll, ProxyDataCollectionManager.Initialize: Launched datacollector processId: 37112 port: 52288
TpTrace Information: 0 : 37160, 5, 2024/06/21, 01:02:23.559, 7483128988567, vstest.console.dll, ProxyDataCollectionManager.Initialize: waiting for connection with timeout: 90 seconds
TpTrace Verbose: 0 : 37160, 5, 2024/06/21, 01:02:23.559, 7483128989725, vstest.console.dll, DataCollectionRequestSender.WaitForRequestHandlerConnection : Waiting for connection with timeout: 90000
TpTrace Verbose: 0 : 37160, 5, 2024/06/21, 01:02:23.695, 7483130355726, vstest.console.dll, SocketCommunicationManager.WaitForClientConnection took: 136 ms, with 90000 ms timeout, and finished with True.
TpTrace Verbose: 0 : 37160, 5, 2024/06/21, 01:02:23.696, 7483130358547, vstest.console.dll, ProxyDataCollectionManager.InvokeDataCollectionServiceAction: Starting.
TpTrace Information: 0 : 37160, 5, 2024/06/21, 01:02:23.696, 7483130360015, vstest.console.dll, ProxyDataCollectionManager.BeforeTestRunStart: Get environment variable and port for datacollector processId: 37112 port: 52288
TpTrace Verbose: 0 : 37160, 5, 2024/06/21, 01:02:23.696, 7483130361492, vstest.console.dll, DataCollectionRequestSender.SendBeforeTestRunStartAndGetResult: Send BeforeTestRunStart message with settingsXml <RunSettings><RunConfiguration><ResultsDirectory>C:\Users\ignle\OneDrive\Desktop\Vladimir\KLA_Final\NumberConverter_Tests\bin\Release\net6.0\fine-code-coverage\coverage-tool-output</ResultsDirectory><TargetPlatform>X64</TargetPlatform><TargetFrameworkVersion>.NETCoreApp,Version=v6.0</TargetFrameworkVersion><DesignMode>False</DesignMode><CollectSourceInformation>False</CollectSourceInformation><TestAdaptersPaths>C:\Program Files\dotnet\sdk\8.0.300\Extensions</TestAdaptersPaths></RunConfiguration><LoggerRunSettings><Loggers><Logger friendlyName="blame" enabled="True" /><Logger friendlyName="Console" uri="logger://microsoft/TestPlatform/ConsoleLogger/v1" assemblyQualifiedName="Microsoft.VisualStudio.TestPlatform.CommandLine.Internal.ConsoleLogger, vstest.console, Version=15.0.0.0, Culture=neutral, PublicKeyToken=b03f5f7f11d50a3a" codeBase="C:\Program Files\dotnet\sdk\8.0.300\vstest.console.dll" enabled="True" /></Loggers></LoggerRunSettings><DataCollectionRunSettings><DataCollectors><DataCollector friendlyName="blame" enabled="True"><Configuration><ResultsDirectory>C:\Users\ignle\OneDrive\Desktop\Vladimir\KLA_Final\NumberConverter_Tests\bin\Release\net6.0\fine-code-coverage\coverage-tool-output</ResultsDirectory></Configuration></DataCollector></DataCollectors></DataCollectionRunSettings></RunSettings> and sources System.Collections.Generic.List`1[System.String]: 
TpTrace Information: 0 : 37160, 11, 2024/06/21, 01:02:23.696, 7483130363943, vstest.console.dll, Using the buffer size of 16384 bytes
TpTrace Information: 0 : 37160, 11, 2024/06/21, 01:02:23.697, 7483130371155, vstest.console.dll, Accepted Client request and set the flag
TpTrace Verbose: 0 : 37160, 5, 2024/06/21, 01:02:23.752, 7483130926691, vstest.console.dll, DataCollectionRequestSender.SendBeforeTestRunStartAndGetResult: Received message: (DataCollection.SendMessage) -> {"MessageType":"DataCollection.SendMessage","Payload":{"FriendlyName":null,"Uri":null,"TestCaseId":"00000000-0000-0000-0000-000000000000","Message":"Logging DataCollector Diagnostics in file: C:\\Users\\ignle\\OneDrive\\Desktop\\Vladimir\\KLA_Final\\NumberConverter_Tests\\bin\\Release\\net6.0\\fine-code-coverage\\coverage-tool-output\\diagnostics.datacollector.24-06-21_01-02-23_54262_5.log","Level":0}}
TpTrace Verbose: 0 : 37160, 5, 2024/06/21, 01:02:23.842, 7483131824195, vstest.console.dll, DataCollectionRequestSender.SendBeforeTestRunStartAndGetResult: Received message: (DataCollection.BeforeTestRunStartResult) -> {"MessageType":"DataCollection.BeforeTestRunStartResult","Payload":{"EnvironmentVariables":{},"DataCollectionEventsPort":52290}}
TpTrace Information: 0 : 37160, 5, 2024/06/21, 01:02:23.848, 7483131882750, vstest.console.dll, ProxyDataCollectionManager.BeforeTestRunStart: SendBeforeTestRunStartAndGetResult successful, env variable from datacollector:   and testhost port: 52290
TpTrace Information: 0 : 37160, 5, 2024/06/21, 01:02:23.848, 7483131884441, vstest.console.dll, ProxyDataCollectionManager.InvokeDataCollectionServiceAction: Completed.
TpTrace Verbose: 0 : 37160, 5, 2024/06/21, 01:02:23.848, 7483131885059, vstest.console.dll, ParallelProxyExecutionManager.StartTestRunOnConcurrentManager: Initializing test run. Started clients: 0
TpTrace Verbose: 0 : 37160, 5, 2024/06/21, 01:02:23.848, 7483131886198, vstest.console.dll, ProxyExecutionManager: Test host is always Lazy initialize.
TpTrace Verbose: 0 : 37160, 5, 2024/06/21, 01:02:23.849, 7483131888723, vstest.console.dll, TestRequestSender.InitializeCommunication: initialize communication. 
TpTrace Information: 0 : 37160, 5, 2024/06/21, 01:02:23.849, 7483131897343, vstest.console.dll, SocketServer.Start: Listening on endpoint : 127.0.0.1:52291
TpTrace Verbose: 0 : 37160, 5, 2024/06/21, 01:02:23.850, 7483131903829, vstest.console.dll, DotnetTestHostmanager.GetTestHostProcessStartInfo: Platform environment 'X64' target architecture 'X64' framework '.NETCoreApp,Version=v6.0' OS 'Windows'
TpTrace Verbose: 0 : 37160, 5, 2024/06/21, 01:02:23.850, 7483131905583, vstest.console.dll, DotnetTestHostmanager: Adding  --runtimeconfig "C:\Users\ignle\OneDrive\Desktop\Vladimir\KLA_Final\NumberConverter_Tests\bin\Release\net6.0\fine-code-coverage\build-output\NumberConverter_Tests.runtimeconfig.json" in args
TpTrace Verbose: 0 : 37160, 5, 2024/06/21, 01:02:23.850, 7483131906359, vstest.console.dll, DotnetTestHostmanager: Adding  --depsfile "C:\Users\ignle\OneDrive\Desktop\Vladimir\KLA_Final\NumberConverter_Tests\bin\Release\net6.0\fine-code-coverage\build-output\NumberConverter_Tests.deps.json" in args
TpTrace Verbose: 0 : 37160, 5, 2024/06/21, 01:02:23.851, 7483131908039, vstest.console.dll, DotnetTestHostmanager.IsWinOnArm: Current PROCESSOR_ARCHITECTURE from environment variable 'AMD64'
TpTrace Verbose: 0 : 37160, 5, 2024/06/21, 01:02:23.851, 7483131908628, vstest.console.dll, DotnetTestHostmanager.IsWinOnArm: Is Windows on ARM 'False'
TpTrace Verbose: 0 : 37160, 5, 2024/06/21, 01:02:23.851, 7483131909359, vstest.console.dll, DotnetTestHostManager: testhost.exe found at path: C:\Users\ignle\OneDrive\Desktop\Vladimir\KLA_Final\NumberConverter_Tests\bin\Release\net6.0\fine-code-coverage\build-output\testhost.exe
TpTrace Verbose: 0 : 37160, 5, 2024/06/21, 01:02:23.851, 7483131909738, vstest.console.dll, DotnetTestHostmanager: Full path of host exe is C:\Users\ignle\OneDrive\Desktop\Vladimir\KLA_Final\NumberConverter_Tests\bin\Release\net6.0\fine-code-coverage\build-output\testhost.exe
TpTrace Verbose: 0 : 37160, 5, 2024/06/21, 01:02:23.851, 7483131910638, vstest.console.dll, DotnetTestHostmanager.LaunchTestHostAsync: Found 'VSTEST_WINAPPHOST_DOTNET_ROOT' in env variables, value 'C:\Program Files\dotnet', forwarding to 'DOTNET_ROOT'
TpTrace Verbose: 0 : 37160, 5, 2024/06/21, 01:02:23.851, 7483131911647, vstest.console.dll, DotnetTestHostManager: Starting process 'C:\Users\ignle\OneDrive\Desktop\Vladimir\KLA_Final\NumberConverter_Tests\bin\Release\net6.0\fine-code-coverage\build-output\testhost.exe' with command line ' --runtimeconfig "C:\Users\ignle\OneDrive\Desktop\Vladimir\KLA_Final\NumberConverter_Tests\bin\Release\net6.0\fine-code-coverage\build-output\NumberConverter_Tests.runtimeconfig.json" --depsfile "C:\Users\ignle\OneDrive\Desktop\Vladimir\KLA_Final\NumberConverter_Tests\bin\Release\net6.0\fine-code-coverage\build-output\NumberConverter_Tests.deps.json" --port 52291 --endpoint 127.0.0.1:052291 --role client --parentprocessid 37160 --diag "C:\Users\ignle\OneDrive\Desktop\Vladimir\KLA_Final\NumberConverter_Tests\bin\Release\net6.0\fine-code-coverage\coverage-tool-output\diagnostics.host.24-06-21_01-02-23_85033_5.log" --tracelevel 4 --datacollectionport 52290 --telemetryoptedin false'
TpTrace Verbose: 0 : 37160, 5, 2024/06/21, 01:02:23.864, 7483132047104, vstest.console.dll, MulticastDelegateUtilities.SafeInvoke: HostProviderEvents.OnHostLaunched: Invoking callback 1/2 for Microsoft.VisualStudio.TestPlatform.CrossPlatEngine.Client.ProxyExecutionManagerWithDataCollection., took 1 ms.
TpTrace Verbose: 0 : 37160, 5, 2024/06/21, 01:02:23.865, 7483132051001, vstest.console.dll, Test Runtime launched
TpTrace Verbose: 0 : 37160, 5, 2024/06/21, 01:02:23.865, 7483132051798, vstest.console.dll, MulticastDelegateUtilities.SafeInvoke: HostProviderEvents.OnHostLaunched: Invoking callback 2/2 for Microsoft.VisualStudio.TestPlatform.CrossPlatEngine.Client.ProxyOperationManager., took 0 ms.
TpTrace Verbose: 0 : 37160, 5, 2024/06/21, 01:02:23.865, 7483132053434, vstest.console.dll, TestRequestSender.WaitForRequestHandlerConnection: waiting for connection with timeout: 90000.
TpTrace Verbose: 0 : 37160, 5, 2024/06/21, 01:02:24.024, 7483133643016, vstest.console.dll, TestRequestSender.WaitForRequestHandlerConnection: waiting took 158 ms, with timeout 90000 ms, and result 0, which is success.
TpTrace Verbose: 0 : 37160, 11, 2024/06/21, 01:02:24.024, 7483133643293, vstest.console.dll, MulticastDelegateUtilities.SafeInvoke: SocketServer: ClientConnected: Invoking callback 1/1 for Microsoft.VisualStudio.TestPlatform.CommunicationUtilities.TestRequestSender., took 0 ms.
TpTrace Verbose: 0 : 37160, 11, 2024/06/21, 01:02:24.024, 7483133645792, vstest.console.dll, SocketServer.OnClientConnected: Client connected for endPoint: 127.0.0.1:52291, starting MessageLoopAsync:
TpTrace Verbose: 0 : 37160, 11, 2024/06/21, 01:02:24.025, 7483133651455, vstest.console.dll, TcpClientExtensions.MessageLoopAsync: Polling on remoteEndPoint: 127.0.0.1:52292 localEndPoint: 127.0.0.1:52291 after 0 ms
TpTrace Verbose: 0 : 37160, 5, 2024/06/21, 01:02:24.025, 7483133657337, vstest.console.dll, TestRequestSender.CheckVersionWithTestHost: Sending check version message: {"MessageType":"ProtocolVersion","Payload":7}
TpTrace Verbose: 0 : 37160, 11, 2024/06/21, 01:02:24.146, 7483134866480, vstest.console.dll, TcpClientExtensions.MessageLoopAsync: NotifyDataAvailable remoteEndPoint: 127.0.0.1:52292 localEndPoint: 127.0.0.1:52291
TpTrace Verbose: 0 : 37160, 11, 2024/06/21, 01:02:24.147, 7483134869325, vstest.console.dll, TestRequestSender.CheckVersionWithTestHost: onMessageReceived received message: (ProtocolVersion) -> {"MessageType":"ProtocolVersion","Payload":7}
TpTrace Verbose: 0 : 37160, 11, 2024/06/21, 01:02:24.147, 7483134876815, vstest.console.dll, MulticastDelegateUtilities.SafeInvoke: LengthPrefixCommunicationChannel: MessageReceived: Invoking callback 1/1 for Microsoft.VisualStudio.TestPlatform.CommunicationUtilities.TestRequestSender+<>c__DisplayClass29_0., took 0 ms.
TpTrace Verbose: 0 : 37160, 5, 2024/06/21, 01:02:24.148, 7483134877831, vstest.console.dll, TestPluginCache.GetExtensionPaths: Filtered extension paths: 
TpTrace Verbose: 0 : 37160, 11, 2024/06/21, 01:02:24.148, 7483134877942, vstest.console.dll, TcpClientExtensions.MessageLoopAsync: Polling on remoteEndPoint: 127.0.0.1:52292 localEndPoint: 127.0.0.1:52291 after 122 ms
TpTrace Verbose: 0 : 37160, 5, 2024/06/21, 01:02:24.148, 7483134878602, vstest.console.dll, TestPluginCache.GetExtensionPaths: Added default extension paths: C:\Program Files\dotnet\sdk\8.0.300\Extensions\Microsoft.Diagnostics.NETCore.Client.dll
C:\Program Files\dotnet\sdk\8.0.300\Extensions\Microsoft.TestPlatform.Extensions.BlameDataCollector.dll
C:\Program Files\dotnet\sdk\8.0.300\Extensions\Microsoft.TestPlatform.Extensions.EventLogCollector.dll
C:\Program Files\dotnet\sdk\8.0.300\Extensions\Microsoft.TestPlatform.TestHostRuntimeProvider.dll
C:\Program Files\dotnet\sdk\8.0.300\Extensions\Microsoft.VisualStudio.TestPlatform.Extensions.Html.TestLogger.dll
C:\Program Files\dotnet\sdk\8.0.300\Extensions\Microsoft.VisualStudio.TestPlatform.Extensions.Trx.TestLogger.dll
TpTrace Verbose: 0 : 37160, 5, 2024/06/21, 01:02:24.148, 7483134880030, vstest.console.dll, TestPluginCache.GetExtensionPaths: Added unfilterableExtensionPaths: 
TpTrace Verbose: 0 : 37160, 5, 2024/06/21, 01:02:24.150, 7483134900571, vstest.console.dll, TestRequestSender.InitializeExecution: Sending initialize execution with message: {"Version":7,"MessageType":"TestExecution.Initialize","Payload":["C:\\Users\\ignle\\OneDrive\\Desktop\\Vladimir\\KLA_Final\\NumberConverter_Tests\\bin\\Release\\net6.0\\fine-code-coverage\\build-output\\xunit.runner.visualstudio.dotnetcore.testadapter.dll"]}
TpTrace Verbose: 0 : 37160, 5, 2024/06/21, 01:02:24.150, 7483134902790, vstest.console.dll, ParallelProxyExecutionManager.StartTestRunOnConcurrentManager: Execution starting. Started clients: 1
TpTrace Verbose: 0 : 37160, 5, 2024/06/21, 01:02:24.150, 7483134905132, vstest.console.dll, TestRunRequest:SendTestRunMessage: Starting.
TpTrace Verbose: 0 : 37160, 5, 2024/06/21, 01:02:24.150, 7483134906454, vstest.console.dll, MulticastDelegateUtilities.SafeInvoke: TestRun.LogMessages: Invoking callback 1/1 for Microsoft.VisualStudio.TestPlatform.CommandLine.TestRunResultAggregator., took 0 ms.
TpTrace Information: 0 : 37160, 5, 2024/06/21, 01:02:24.150, 7483134906793, vstest.console.dll, TestRunRequest:SendTestRunMessage: Completed.
TpTrace Verbose: 0 : 37160, 4, 2024/06/21, 01:02:24.151, 7483134907988, vstest.console.dll, MulticastDelegateUtilities.SafeInvoke: InternalTestLoggerEvents.SendTestRunMessage: Invoking callback 1/1 for Microsoft.VisualStudio.TestPlatform.CommandLine.Internal.ConsoleLogger., took 0 ms.
TpTrace Verbose: 0 : 37160, 11, 2024/06/21, 01:02:24.151, 7483134908866, vstest.console.dll, TcpClientExtensions.MessageLoopAsync: NotifyDataAvailable remoteEndPoint: 127.0.0.1:52292 localEndPoint: 127.0.0.1:52291
TpTrace Warning: 0 : 37160, 5, 2024/06/21, 01:02:24.151, 7483134909867, vstest.console.dll, InferRunSettingsHelper.MakeRunsettingsCompatible: Removing the following settings: TargetPlatform from RunSettings file. To use those settings please move to latest version of Microsoft.NET.Test.Sdk
TpTrace Verbose: 0 : 37160, 11, 2024/06/21, 01:02:24.152, 7483134918102, vstest.console.dll, TestRequestSender.OnExecutionMessageReceived: Received message: {"Version":7,"MessageType":"TestSession.Message","Payload":{"MessageLevel":0,"Message":"Logging TestHost Diagnostics in file: C:\\Users\\ignle\\OneDrive\\Desktop\\Vladimir\\KLA_Final\\NumberConverter_Tests\\bin\\Release\\net6.0\\fine-code-coverage\\coverage-tool-output\\diagnostics.host.24-06-21_01-02-23_85033_5.log"}}
TpTrace Verbose: 0 : 37160, 11, 2024/06/21, 01:02:24.154, 7483134940128, vstest.console.dll, TestRunRequest:SendTestRunMessage: Starting.
TpTrace Verbose: 0 : 37160, 11, 2024/06/21, 01:02:24.154, 7483134941544, vstest.console.dll, MulticastDelegateUtilities.SafeInvoke: TestRun.LogMessages: Invoking callback 1/1 for Microsoft.VisualStudio.TestPlatform.CommandLine.TestRunResultAggregator., took 0 ms.
TpTrace Verbose: 0 : 37160, 4, 2024/06/21, 01:02:24.154, 7483134941692, vstest.console.dll, MulticastDelegateUtilities.SafeInvoke: InternalTestLoggerEvents.SendTestRunMessage: Invoking callback 1/1 for Microsoft.VisualStudio.TestPlatform.CommandLine.Internal.ConsoleLogger., took 0 ms.
TpTrace Information: 0 : 37160, 11, 2024/06/21, 01:02:24.154, 7483134941979, vstest.console.dll, TestRunRequest:SendTestRunMessage: Completed.
TpTrace Verbose: 0 : 37160, 11, 2024/06/21, 01:02:24.154, 7483134943066, vstest.console.dll, MulticastDelegateUtilities.SafeInvoke: LengthPrefixCommunicationChannel: MessageReceived: Invoking callback 1/1 for Microsoft.VisualStudio.TestPlatform.CommunicationUtilities.TestRequestSender+<>c__DisplayClass34_0., took 2 ms.
TpTrace Verbose: 0 : 37160, 11, 2024/06/21, 01:02:24.154, 7483134943505, vstest.console.dll, TcpClientExtensions.MessageLoopAsync: Polling on remoteEndPoint: 127.0.0.1:52292 localEndPoint: 127.0.0.1:52291 after 6 ms
TpTrace Verbose: 0 : 37160, 5, 2024/06/21, 01:02:24.156, 7483134964206, vstest.console.dll, TestRequestSender.StartTestRun: Sending test run with message: {"Version":7,"MessageType":"TestExecution.StartWithSources","Payload":{"AdapterSourceMap":{"_none_":["C:\\Users\\ignle\\OneDrive\\Desktop\\Vladimir\\KLA_Final\\NumberConverter_Tests\\bin\\Release\\net6.0\\fine-code-coverage\\build-output\\NumberConverter_Tests.dll"]},"RunSettings":"<RunSettings>\r\n  <RunConfiguration>\r\n    <ResultsDirectory>C:\\Users\\ignle\\OneDrive\\Desktop\\Vladimir\\KLA_Final\\NumberConverter_Tests\\bin\\Release\\net6.0\\fine-code-coverage\\coverage-tool-output</ResultsDirectory>\r\n    <TargetFrameworkVersion>.NETCoreApp,Version=v6.0</TargetFrameworkVersion>\r\n    <DesignMode>False</DesignMode>\r\n    <CollectSourceInformation>False</CollectSourceInformation>\r\n  </RunConfiguration>\r\n  <LoggerRunSettings>\r\n    <Loggers>\r\n      <Logger friendlyName=\"blame\" enabled=\"True\" />\r\n      <Logger friendlyName=\"Console\" uri=\"logger://microsoft/TestPlatform/ConsoleLogger/v1\" assemblyQualifiedName=\"Microsoft.VisualStudio.TestPlatform.CommandLine.Internal.ConsoleLogger, vstest.console, Version=15.0.0.0, Culture=neutral, PublicKeyToken=b03f5f7f11d50a3a\" codeBase=\"C:\\Program Files\\dotnet\\sdk\\8.0.300\\vstest.console.dll\" enabled=\"True\" />\r\n    </Loggers>\r\n  </LoggerRunSettings>\r\n  <DataCollectionRunSettings>\r\n    <DataCollectors>\r\n      <DataCollector friendlyName=\"blame\" enabled=\"True\">\r\n        <Configuration>\r\n          <ResultsDirectory>C:\\Users\\ignle\\OneDrive\\Desktop\\Vladimir\\KLA_Final\\NumberConverter_Tests\\bin\\Release\\net6.0\\fine-code-coverage\\coverage-tool-output</ResultsDirectory>\r\n        </Configuration>\r\n      </DataCollector>\r\n    </DataCollectors>\r\n  </DataCollectionRunSettings>\r\n</RunSettings>","TestExecutionContext":{"FrequencyOfRunStatsChangeEvent":10,"RunStatsChangeEventTimeout":"00:00:01.5000000","InIsolation":false,"KeepAlive":false,"AreTestCaseLevelEventsRequired":false,"IsDebug":false,"TestCaseFilter":null,"FilterOptions":null},"Package":null}}
TpTrace Verbose: 0 : 37160, 5, 2024/06/21, 01:02:24.156, 7483134965873, vstest.console.dll, ParallelProxyExecutionManager.StartTestRunOnConcurrentManager: Execution started. Started clients: 1
TpTrace Verbose: 0 : 37160, 11, 2024/06/21, 01:02:24.306, 7483136465392, vstest.console.dll, TcpClientExtensions.MessageLoopAsync: NotifyDataAvailable remoteEndPoint: 127.0.0.1:52292 localEndPoint: 127.0.0.1:52291
TpTrace Verbose: 0 : 37160, 11, 2024/06/21, 01:02:24.307, 7483136467723, vstest.console.dll, TestRequestSender.OnExecutionMessageReceived: Received message: {"Version":7,"MessageType":"TestSession.Message","Payload":{"MessageLevel":0,"Message":"[xUnit.net 00:00:00.00] xUnit.net VSTest Adapter v2.4.5+1caef2f33e (64-bit .NET 6.0.30)"}}
TpTrace Verbose: 0 : 37160, 11, 2024/06/21, 01:02:24.307, 7483136472457, vstest.console.dll, TestRunRequest:SendTestRunMessage: Starting.
TpTrace Verbose: 0 : 37160, 11, 2024/06/21, 01:02:24.307, 7483136473597, vstest.console.dll, MulticastDelegateUtilities.SafeInvoke: TestRun.LogMessages: Invoking callback 1/1 for Microsoft.VisualStudio.TestPlatform.CommandLine.TestRunResultAggregator., took 0 ms.
TpTrace Information: 0 : 37160, 11, 2024/06/21, 01:02:24.307, 7483136473895, vstest.console.dll, TestRunRequest:SendTestRunMessage: Completed.
TpTrace Verbose: 0 : 37160, 4, 2024/06/21, 01:02:24.307, 7483136473936, vstest.console.dll, MulticastDelegateUtilities.SafeInvoke: InternalTestLoggerEvents.SendTestRunMessage: Invoking callback 1/1 for Microsoft.VisualStudio.TestPlatform.CommandLine.Internal.ConsoleLogger., took 0 ms.
TpTrace Verbose: 0 : 37160, 11, 2024/06/21, 01:02:24.307, 7483136474171, vstest.console.dll, MulticastDelegateUtilities.SafeInvoke: LengthPrefixCommunicationChannel: MessageReceived: Invoking callback 1/1 for Microsoft.VisualStudio.TestPlatform.CommunicationUtilities.TestRequestSender+<>c__DisplayClass34_0., took 0 ms.
TpTrace Verbose: 0 : 37160, 11, 2024/06/21, 01:02:24.307, 7483136475361, vstest.console.dll, TcpClientExtensions.MessageLoopAsync: Polling on remoteEndPoint: 127.0.0.1:52292 localEndPoint: 127.0.0.1:52291 after 153 ms
TpTrace Verbose: 0 : 37160, 11, 2024/06/21, 01:02:24.972, 7483143117855, vstest.console.dll, TcpClientExtensions.MessageLoopAsync: NotifyDataAvailable remoteEndPoint: 127.0.0.1:52292 localEndPoint: 127.0.0.1:52291
TpTrace Verbose: 0 : 37160, 11, 2024/06/21, 01:02:24.972, 7483143121610, vstest.console.dll, TestRequestSender.OnExecutionMessageReceived: Received message: {"Version":7,"MessageType":"TestSession.Message","Payload":{"MessageLevel":0,"Message":"[xUnit.net 00:00:00.66]   Discovering: NumberConverter_Tests"}}
TpTrace Verbose: 0 : 37160, 11, 2024/06/21, 01:02:24.972, 7483143124557, vstest.console.dll, TestRunRequest:SendTestRunMessage: Starting.
TpTrace Verbose: 0 : 37160, 11, 2024/06/21, 01:02:24.972, 7483143125721, vstest.console.dll, MulticastDelegateUtilities.SafeInvoke: TestRun.LogMessages: Invoking callback 1/1 for Microsoft.VisualStudio.TestPlatform.CommandLine.TestRunResultAggregator., took 0 ms.
TpTrace Information: 0 : 37160, 11, 2024/06/21, 01:02:24.972, 7483143126095, vstest.console.dll, TestRunRequest:SendTestRunMessage: Completed.
TpTrace Verbose: 0 : 37160, 4, 2024/06/21, 01:02:24.972, 7483143126131, vstest.console.dll, MulticastDelegateUtilities.SafeInvoke: InternalTestLoggerEvents.SendTestRunMessage: Invoking callback 1/1 for Microsoft.VisualStudio.TestPlatform.CommandLine.Internal.ConsoleLogger., took 0 ms.
TpTrace Verbose: 0 : 37160, 11, 2024/06/21, 01:02:24.972, 7483143126545, vstest.console.dll, MulticastDelegateUtilities.SafeInvoke: LengthPrefixCommunicationChannel: MessageReceived: Invoking callback 1/1 for Microsoft.VisualStudio.TestPlatform.CommunicationUtilities.TestRequestSender+<>c__DisplayClass34_0., took 0 ms.
TpTrace Verbose: 0 : 37160, 11, 2024/06/21, 01:02:24.973, 7483143127819, vstest.console.dll, TcpClientExtensions.MessageLoopAsync: Polling on remoteEndPoint: 127.0.0.1:52292 localEndPoint: 127.0.0.1:52291 after 665 ms
TpTrace Verbose: 0 : 37160, 11, 2024/06/21, 01:02:25.036, 7483143757920, vstest.console.dll, TcpClientExtensions.MessageLoopAsync: NotifyDataAvailable remoteEndPoint: 127.0.0.1:52292 localEndPoint: 127.0.0.1:52291
TpTrace Verbose: 0 : 37160, 11, 2024/06/21, 01:02:25.036, 7483143760317, vstest.console.dll, TestRequestSender.OnExecutionMessageReceived: Received message: {"Version":7,"MessageType":"TestSession.Message","Payload":{"MessageLevel":0,"Message":"[xUnit.net 00:00:00.73]   Discovered:  NumberConverter_Tests"}}
TpTrace Verbose: 0 : 37160, 11, 2024/06/21, 01:02:25.036, 7483143762271, vstest.console.dll, TestRunRequest:SendTestRunMessage: Starting.
TpTrace Verbose: 0 : 37160, 11, 2024/06/21, 01:02:25.036, 7483143763370, vstest.console.dll, MulticastDelegateUtilities.SafeInvoke: TestRun.LogMessages: Invoking callback 1/1 for Microsoft.VisualStudio.TestPlatform.CommandLine.TestRunResultAggregator., took 0 ms.
TpTrace Verbose: 0 : 37160, 4, 2024/06/21, 01:02:25.036, 7483143763718, vstest.console.dll, MulticastDelegateUtilities.SafeInvoke: InternalTestLoggerEvents.SendTestRunMessage: Invoking callback 1/1 for Microsoft.VisualStudio.TestPlatform.CommandLine.Internal.ConsoleLogger., took 0 ms.
TpTrace Information: 0 : 37160, 11, 2024/06/21, 01:02:25.036, 7483143763895, vstest.console.dll, TestRunRequest:SendTestRunMessage: Completed.
TpTrace Verbose: 0 : 37160, 11, 2024/06/21, 01:02:25.036, 7483143765332, vstest.console.dll, MulticastDelegateUtilities.SafeInvoke: LengthPrefixCommunicationChannel: MessageReceived: Invoking callback 1/1 for Microsoft.VisualStudio.TestPlatform.CommunicationUtilities.TestRequestSender+<>c__DisplayClass34_0., took 0 ms.
TpTrace Verbose: 0 : 37160, 11, 2024/06/21, 01:02:25.036, 7483143766009, vstest.console.dll, TcpClientExtensions.MessageLoopAsync: Polling on remoteEndPoint: 127.0.0.1:52292 localEndPoint: 127.0.0.1:52291 after 63 ms
TpTrace Verbose: 0 : 37160, 11, 2024/06/21, 01:02:25.038, 7483143785605, vstest.console.dll, TcpClientExtensions.MessageLoopAsync: NotifyDataAvailable remoteEndPoint: 127.0.0.1:52292 localEndPoint: 127.0.0.1:52291
TpTrace Verbose: 0 : 37160, 11, 2024/06/21, 01:02:25.038, 7483143787315, vstest.console.dll, TestRequestSender.OnExecutionMessageReceived: Received message: {"Version":7,"MessageType":"TestSession.Message","Payload":{"MessageLevel":0,"Message":"[xUnit.net 00:00:00.73]   Starting:    NumberConverter_Tests"}}
TpTrace Verbose: 0 : 37160, 11, 2024/06/21, 01:02:25.039, 7483143789096, vstest.console.dll, TestRunRequest:SendTestRunMessage: Starting.
TpTrace Verbose: 0 : 37160, 11, 2024/06/21, 01:02:25.039, 7483143790001, vstest.console.dll, MulticastDelegateUtilities.SafeInvoke: TestRun.LogMessages: Invoking callback 1/1 for Microsoft.VisualStudio.TestPlatform.CommandLine.TestRunResultAggregator., took 0 ms.
TpTrace Information: 0 : 37160, 11, 2024/06/21, 01:02:25.039, 7483143790347, vstest.console.dll, TestRunRequest:SendTestRunMessage: Completed.
TpTrace Verbose: 0 : 37160, 4, 2024/06/21, 01:02:25.039, 7483143790290, vstest.console.dll, MulticastDelegateUtilities.SafeInvoke: InternalTestLoggerEvents.SendTestRunMessage: Invoking callback 1/1 for Microsoft.VisualStudio.TestPlatform.CommandLine.Internal.ConsoleLogger., took 0 ms.
TpTrace Verbose: 0 : 37160, 11, 2024/06/21, 01:02:25.039, 7483143790711, vstest.console.dll, MulticastDelegateUtilities.SafeInvoke: LengthPrefixCommunicationChannel: MessageReceived: Invoking callback 1/1 for Microsoft.VisualStudio.TestPlatform.CommunicationUtilities.TestRequestSender+<>c__DisplayClass34_0., took 0 ms.
TpTrace Verbose: 0 : 37160, 11, 2024/06/21, 01:02:25.039, 7483143791950, vstest.console.dll, TcpClientExtensions.MessageLoopAsync: Polling on remoteEndPoint: 127.0.0.1:52292 localEndPoint: 127.0.0.1:52291 after 2 ms
TpTrace Verbose: 0 : 37160, 11, 2024/06/21, 01:02:25.168, 7483145077921, vstest.console.dll, TcpClientExtensions.MessageLoopAsync: NotifyDataAvailable remoteEndPoint: 127.0.0.1:52292 localEndPoint: 127.0.0.1:52291
TpTrace Verbose: 0 : 37160, 11, 2024/06/21, 01:02:25.168, 7483145081263, vstest.console.dll, TestRequestSender.OnExecutionMessageReceived: Received message: {"Version":7,"MessageType":"TestExecution.StatsChange","Payload":{"NewTestResults":[{"TestCase":{"Id":"8407ff5d-4de4-c311-841c-8e82f8eaaeb2","FullyQualifiedName":"NumberConverter_Tests.ConvertLogicTests.AmountToWords_ValidAmount_ReturnsCorrectWords","DisplayName":"NumberConverter_Tests.ConvertLogicTests.AmountToWords_ValidAmount_ReturnsCorrectWords(amount: \"19\", expectedWords: \"nineteen dollars\")","ExecutorUri":"executor://xunit/VsTestRunner2/netcoreapp","Source":"C:\\Users\\ignle\\OneDrive\\Desktop\\Vladimir\\KLA_Final\\NumberConverter_Tests\\bin\\Release\\net6.0\\fine-code-coverage\\build-output\\NumberConverter_Tests.dll","CodeFilePath":null,"LineNumber":0,"Properties":[]},"Attachments":[],"Outcome":1,"ErrorMessage":null,"ErrorStackTrace":null,"DisplayName":"NumberConverter_Tests.ConvertLogicTests.AmountToWords_ValidAmount_ReturnsCorrectWords(amount: \"19\", expectedWords: \"nineteen dollars\")","Messages":[],"ComputerName":"TUF1","Duration":"00:00:00.0224033","StartTime":"2024-06-20T23:02:25.1192054+00:00","EndTime":"2024-06-20T23:02:25.1192226+00:00","Properties":[]},{"TestCase":{"Id":"d4f848b5-f32b-7ddf-4d58-17e005f3fefe","FullyQualifiedName":"NumberConverter_Tests.ConvertLogicTests.AmountToWords_ValidAmount_ReturnsCorrectWords","DisplayName":"NumberConverter_Tests.ConvertLogicTests.AmountToWords_ValidAmount_ReturnsCorrectWords(amount: \"1001\", expectedWords: \"one thousand one dollars\")","ExecutorUri":"executor://xunit/VsTestRunner2/netcoreapp","Source":"C:\\Users\\ignle\\OneDrive\\Desktop\\Vladimir\\KLA_Final\\NumberConverter_Tests\\bin\\Release\\net6.0\\fine-code-coverage\\build-output\\NumberConverter_Tests.dll","CodeFilePath":null,"LineNumber":0,"Properties":[]},"Attachments":[],"Outcome":1,"ErrorMessage":null,"ErrorStackTrace":null,"DisplayName":"NumberConverter_Tests.ConvertLogicTests.AmountToWords_ValidAmount_ReturnsCorrectWords(amount: \"1001\", expectedWords: \"one thousand one dollars\")","Messages":[],"ComputerName":"TUF1","Duration":"00:00:00.0000517","StartTime":"2024-06-20T23:02:25.137232+00:00","EndTime":"2024-06-20T23:02:25.1372334+00:00","Properties":[]},{"TestCase":{"Id":"a72515be-18ed-9aa2-e3f8-d3eb86104a7c","FullyQualifiedName":"NumberConverter_Tests.ConvertLogicTests.AmountToWords_ValidAmount_ReturnsCorrectWords","DisplayName":"NumberConverter_Tests.ConvertLogicTests.AmountToWords_ValidAmount_ReturnsCorrectWords(amount: \"21\", expectedWords: \"twenty-one dollars\")","ExecutorUri":"executor://xunit/VsTestRunner2/netcoreapp","Source":"C:\\Users\\ignle\\OneDrive\\Desktop\\Vladimir\\KLA_Final\\NumberConverter_Tests\\bin\\Release\\net6.0\\fine-code-coverage\\build-output\\NumberConverter_Tests.dll","CodeFilePath":null,"LineNumber":0,"Properties":[]},"Attachments":[],"Outcome":1,"ErrorMessage":null,"ErrorStackTrace":null,"DisplayName":"NumberConverter_Tests.ConvertLogicTests.AmountToWords_ValidAmount_ReturnsCorrectWords(amount: \"21\", expectedWords: \"twenty-one dollars\")","Messages":[],"ComputerName":"TUF1","Duration":"00:00:00.0006449","StartTime":"2024-06-20T23:02:25.1390615+00:00","EndTime":"2024-06-20T23:02:25.1390616+00:00","Properties":[]},{"TestCase":{"Id":"74b6fbf1-feb8-2360-c871-463323659a11","FullyQualifiedName":"NumberConverter_Tests.ConvertLogicTests.AmountToWords_ValidAmount_ReturnsCorrectWords","DisplayName":"NumberConverter_Tests.ConvertLogicTests.AmountToWords_ValidAmount_ReturnsCorrectWords(amount: \"1000000\", expectedWords: \"one million dollars\")","ExecutorUri":"executor://xunit/VsTestRunner2/netcoreapp","Source":"C:\\Users\\ignle\\OneDrive\\Desktop\\Vladimir\\KLA_Final\\NumberConverter_Tests\\bin\\Release\\net6.0\\fine-code-coverage\\build-output\\NumberConverter_Tests.dll","CodeFilePath":null,"LineNumber":0,"Properties":[]},"Attachments":[],"Outcome":1,"ErrorMessage":null,"ErrorStackTrace":null,"DisplayName":"NumberConverter_Tests.ConvertLogicTests.AmountToWords_ValidAmount_ReturnsCorrectWords(amount: \"1000000\", expectedWords: \"one million dollars\")","Messages":[],"ComputerName":"TUF1","Duration":"00:00:00.0000128","StartTime":"2024-06-20T23:02:25.1404339+00:00","EndTime":"2024-06-20T23:02:25.140434+00:00","Properties":[]},{"TestCase":{"Id":"dddbd839-4781-53a0-7836-ccff556ba8ec","FullyQualifiedName":"NumberConverter_Tests.ConvertLogicTests.AmountToWords_ValidAmount_ReturnsCorrectWords","DisplayName":"NumberConverter_Tests.ConvertLogicTests.AmountToWords_ValidAmount_ReturnsCorrectWords(amount: \"105\", expectedWords: \"one hundred five dollars\")","ExecutorUri":"executor://xunit/VsTestRunner2/netcoreapp","Source":"C:\\Users\\ignle\\OneDrive\\Desktop\\Vladimir\\KLA_Final\\NumberConverter_Tests\\bin\\Release\\net6.0\\fine-code-coverage\\build-output\\NumberConverter_Tests.dll","CodeFilePath":null,"LineNumber":0,"Properties":[]},"Attachments":[],"Outcome":1,"ErrorMessage":null,"ErrorStackTrace":null,"DisplayName":"NumberConverter_Tests.ConvertLogicTests.AmountToWords_ValidAmount_ReturnsCorrectWords(amount: \"105\", expectedWords: \"one hundred five dollars\")","Messages":[],"ComputerName":"TUF1","Duration":"00:00:00.0000041","StartTime":"2024-06-20T23:02:25.1418184+00:00","EndTime":"2024-06-20T23:02:25.1418185+00:00","Properties":[]},{"TestCase":{"Id":"bed3695a-19f2-fec6-8b5c-322d0eff89af","FullyQualifiedName":"NumberConverter_Tests.ConvertLogicTests.AmountToWords_ValidAmount_ReturnsCorrectWords","DisplayName":"NumberConverter_Tests.ConvertLogicTests.AmountToWords_ValidAmount_ReturnsCorrectWords(amount: \"0\", expectedWords: \"zero dollars\")","ExecutorUri":"executor://xunit/VsTestRunner2/netcoreapp","Source":"C:\\Users\\ignle\\OneDrive\\Desktop\\Vladimir\\KLA_Final\\NumberConverter_Tests\\bin\\Release\\net6.0\\fine-code-coverage\\build-output\\NumberConverter_Tests.dll","CodeFilePath":null,"LineNumber":0,"Properties":[]},"Attachments":[],"Outcome":1,"ErrorMessage":null,"ErrorStackTrace":null,"DisplayName":"NumberConverter_Tests.ConvertLogicTests.AmountToWords_ValidAmount_ReturnsCorrectWords(amount: \"0\", expectedWords: \"zero dollars\")","Messages":[],"ComputerName":"TUF1","Duration":"00:00:00.0000039","StartTime":"2024-06-20T23:02:25.1435164+00:00","EndTime":"2024-06-20T23:02:25.1435165+00:00","Properties":[]},{"TestCase":{"Id":"87f1e8dc-cc9b-b60b-d85d-b43e3e1d2370","FullyQualifiedName":"NumberConverter_Tests.ConvertLogicTests.AmountToWords_ValidAmount_ReturnsCorrectWords","DisplayName":"NumberConverter_Tests.ConvertLogicTests.AmountToWords_ValidAmount_ReturnsCorrectWords(amount: \"999999999\", expectedWords: \"nine hundred ninety-nine million nine hundred nine\"...)","ExecutorUri":"executor://xunit/VsTestRunner2/netcoreapp","Source":"C:\\Users\\ignle\\OneDrive\\Desktop\\Vladimir\\KLA_Final\\NumberConverter_Tests\\bin\\Release\\net6.0\\fine-code-coverage\\build-output\\NumberConverter_Tests.dll","CodeFilePath":null,"LineNumber":0,"Properties":[]},"Attachments":[],"Outcome":1,"ErrorMessage":null,"ErrorStackTrace":null,"DisplayName":"NumberConverter_Tests.ConvertLogicTests.AmountToWords_ValidAmount_ReturnsCorrectWords(amount: \"999999999\", expectedWords: \"nine hundred ninety-nine million nine hundred nine\"...)","Messages":[],"ComputerName":"TUF1","Duration":"00:00:00.0000054","StartTime":"2024-06-20T23:02:25.1450668+00:00","EndTime":"2024-06-20T23:02:25.1450669+00:00","Properties":[]},{"TestCase":{"Id":"d8694ba5-135f-d7aa-3b60-52911b869e07","FullyQualifiedName":"NumberConverter_Tests.ConvertLogicTests.AmountToWords_ValidAmount_ReturnsCorrectWords","DisplayName":"NumberConverter_Tests.ConvertLogicTests.AmountToWords_ValidAmount_ReturnsCorrectWords(amount: \"123123\", expectedWords: \"one hundred twenty-three thousand one hundred twen\"...)","ExecutorUri":"executor://xunit/VsTestRunner2/netcoreapp","Source":"C:\\Users\\ignle\\OneDrive\\Desktop\\Vladimir\\KLA_Final\\NumberConverter_Tests\\bin\\Release\\net6.0\\fine-code-coverage\\build-output\\NumberConverter_Tests.dll","CodeFilePath":null,"LineNumber":0,"Properties":[]},"Attachments":[],"Outcome":1,"ErrorMessage":null,"ErrorStackTrace":null,"DisplayName":"NumberConverter_Tests.ConvertLogicTests.AmountToWords_ValidAmount_ReturnsCorrectWords(amount: \"123123\", expectedWords: \"one hundred twenty-three thousand one hundred twen\"...)","Messages":[],"ComputerName":"TUF1","Duration":"00:00:00.0000068","StartTime":"2024-06-20T23:02:25.1464895+00:00","EndTime":"2024-06-20T23:02:25.1464896+00:00","Properties":[]},{"TestCase":{"Id":"c1a802aa-1b33-12bb-fadc-0eaaee6d657f","FullyQualifiedName":"NumberConverter_Tests.ConvertLogicTests.AmountToWords_ValidAmount_ReturnsCorrectWords","DisplayName":"NumberConverter_Tests.ConvertLogicTests.AmountToWords_ValidAmount_ReturnsCorrectWords(amount: \"123\", expectedWords: \"one hundred twenty-three dollars\")","ExecutorUri":"executor://xunit/VsTestRunner2/netcoreapp","Source":"C:\\Users\\ignle\\OneDrive\\Desktop\\Vladimir\\KLA_Final\\NumberConverter_Tests\\bin\\Release\\net6.0\\fine-code-coverage\\build-output\\NumberConverter_Tests.dll","CodeFilePath":null,"LineNumber":0,"Properties":[]},"Attachments":[],"Outcome":1,"ErrorMessage":null,"ErrorStackTrace":null,"DisplayName":"NumberConverter_Tests.ConvertLogicTests.AmountToWords_ValidAmount_ReturnsCorrectWords(amount: \"123\", expectedWords: \"one hundred twenty-three dollars\")","Messages":[],"ComputerName":"TUF1","Duration":"00:00:00.0000047","StartTime":"2024-06-20T23:02:25.1478222+00:00","EndTime":"2024-06-20T23:02:25.1478223+00:00","Properties":[]}],"TestRunStatistics":{"ExecutedTests":9,"Stats":{"Passed":9}},"ActiveTests":[{"Id":"d462f8c1-90f1-46dd-0e78-f2b6ad18eff8","FullyQualifiedName":"NumberConverter_Tests.ConvertLogicTests.AmountToWords_InvalidAmount_ThrowsException","DisplayName":"NumberConverter_Tests.ConvertLogicTests.AmountToWords_InvalidAmount_ThrowsException(amount: null)","ExecutorUri":"executor://xunit/VsTestRunner2/netcoreapp","Source":"C:\\Users\\ignle\\OneDrive\\Desktop\\Vladimir\\KLA_Final\\NumberConverter_Tests\\bin\\Release\\net6.0\\fine-code-coverage\\build-output\\NumberConverter_Tests.dll","CodeFilePath":null,"LineNumber":0,"Properties":[]}]}}
TpTrace Verbose: 0 : 37160, 11, 2024/06/21, 01:02:25.187, 7483145269379, vstest.console.dll, TestRunRequest:SendTestRunStatsChange: Starting.
TpTrace Verbose: 0 : 37160, 11, 2024/06/21, 01:02:25.187, 7483145270710, vstest.console.dll, InProgress is NumberConverter_Tests.ConvertLogicTests.AmountToWords_InvalidAmount_ThrowsException(amount: null)
TpTrace Verbose: 0 : 37160, 11, 2024/06/21, 01:02:25.187, 7483145272380, vstest.console.dll, MulticastDelegateUtilities.SafeInvoke: TestRun.RunStatsChanged: Invoking callbacks was skipped because there are no subscribers.
TpTrace Information: 0 : 37160, 11, 2024/06/21, 01:02:25.187, 7483145272927, vstest.console.dll, TestRunRequest:SendTestRunStatsChange: Completed.
TpTrace Verbose: 0 : 37160, 11, 2024/06/21, 01:02:25.187, 7483145273491, vstest.console.dll, MulticastDelegateUtilities.SafeInvoke: LengthPrefixCommunicationChannel: MessageReceived: Invoking callback 1/1 for Microsoft.VisualStudio.TestPlatform.CommunicationUtilities.TestRequestSender+<>c__DisplayClass34_0., took 19 ms.
TpTrace Verbose: 0 : 37160, 11, 2024/06/21, 01:02:25.187, 7483145273869, vstest.console.dll, TcpClientExtensions.MessageLoopAsync: Polling on remoteEndPoint: 127.0.0.1:52292 localEndPoint: 127.0.0.1:52291 after 148 ms
TpTrace Verbose: 0 : 37160, 11, 2024/06/21, 01:02:25.187, 7483145274287, vstest.console.dll, TcpClientExtensions.MessageLoopAsync: NotifyDataAvailable remoteEndPoint: 127.0.0.1:52292 localEndPoint: 127.0.0.1:52291
TpTrace Verbose: 0 : 37160, 11, 2024/06/21, 01:02:25.187, 7483145274885, vstest.console.dll, TestRequestSender.OnExecutionMessageReceived: Received message: {"Version":7,"MessageType":"TestSession.Message","Payload":{"MessageLevel":0,"Message":"[xUnit.net 00:00:00.88]   Finished:    NumberConverter_Tests"}}
TpTrace Verbose: 0 : 37160, 11, 2024/06/21, 01:02:25.187, 7483145275732, vstest.console.dll, TestRunRequest:SendTestRunMessage: Starting.
TpTrace Verbose: 0 : 37160, 11, 2024/06/21, 01:02:25.187, 7483145276186, vstest.console.dll, MulticastDelegateUtilities.SafeInvoke: TestRun.LogMessages: Invoking callback 1/1 for Microsoft.VisualStudio.TestPlatform.CommandLine.TestRunResultAggregator., took 0 ms.
TpTrace Information: 0 : 37160, 11, 2024/06/21, 01:02:25.187, 7483145276404, vstest.console.dll, TestRunRequest:SendTestRunMessage: Completed.
TpTrace Verbose: 0 : 37160, 11, 2024/06/21, 01:02:25.187, 7483145276685, vstest.console.dll, MulticastDelegateUtilities.SafeInvoke: LengthPrefixCommunicationChannel: MessageReceived: Invoking callback 1/1 for Microsoft.VisualStudio.TestPlatform.CommunicationUtilities.TestRequestSender+<>c__DisplayClass34_0., took 0 ms.
TpTrace Verbose: 0 : 37160, 11, 2024/06/21, 01:02:25.187, 7483145276945, vstest.console.dll, TcpClientExtensions.MessageLoopAsync: Polling on remoteEndPoint: 127.0.0.1:52292 localEndPoint: 127.0.0.1:52291 after 0 ms
TpTrace Verbose: 0 : 37160, 4, 2024/06/21, 01:02:25.190, 7483145298605, vstest.console.dll, MulticastDelegateUtilities.SafeInvoke: InternalTestLoggerEvents.SendTestResult: Invoking callback 1/1 for Microsoft.VisualStudio.TestPlatform.CommandLine.Internal.ConsoleLogger., took 2 ms.
TpTrace Verbose: 0 : 37160, 4, 2024/06/21, 01:02:25.190, 7483145302255, vstest.console.dll, MulticastDelegateUtilities.SafeInvoke: InternalTestLoggerEvents.SendTestResult: Invoking callback 1/1 for Microsoft.VisualStudio.TestPlatform.CommandLine.Internal.ConsoleLogger., took 0 ms.
TpTrace Verbose: 0 : 37160, 4, 2024/06/21, 01:02:25.190, 7483145303211, vstest.console.dll, MulticastDelegateUtilities.SafeInvoke: InternalTestLoggerEvents.SendTestResult: Invoking callback 1/1 for Microsoft.VisualStudio.TestPlatform.CommandLine.Internal.ConsoleLogger., took 0 ms.
TpTrace Verbose: 0 : 37160, 4, 2024/06/21, 01:02:25.190, 7483145303654, vstest.console.dll, MulticastDelegateUtilities.SafeInvoke: InternalTestLoggerEvents.SendTestResult: Invoking callback 1/1 for Microsoft.VisualStudio.TestPlatform.CommandLine.Internal.ConsoleLogger., took 0 ms.
TpTrace Verbose: 0 : 37160, 4, 2024/06/21, 01:02:25.190, 7483145304013, vstest.console.dll, MulticastDelegateUtilities.SafeInvoke: InternalTestLoggerEvents.SendTestResult: Invoking callback 1/1 for Microsoft.VisualStudio.TestPlatform.CommandLine.Internal.ConsoleLogger., took 0 ms.
TpTrace Verbose: 0 : 37160, 4, 2024/06/21, 01:02:25.190, 7483145304393, vstest.console.dll, MulticastDelegateUtilities.SafeInvoke: InternalTestLoggerEvents.SendTestResult: Invoking callback 1/1 for Microsoft.VisualStudio.TestPlatform.CommandLine.Internal.ConsoleLogger., took 0 ms.
TpTrace Verbose: 0 : 37160, 4, 2024/06/21, 01:02:25.190, 7483145304701, vstest.console.dll, MulticastDelegateUtilities.SafeInvoke: InternalTestLoggerEvents.SendTestResult: Invoking callback 1/1 for Microsoft.VisualStudio.TestPlatform.CommandLine.Internal.ConsoleLogger., took 0 ms.
TpTrace Verbose: 0 : 37160, 4, 2024/06/21, 01:02:25.190, 7483145305568, vstest.console.dll, MulticastDelegateUtilities.SafeInvoke: InternalTestLoggerEvents.SendTestResult: Invoking callback 1/1 for Microsoft.VisualStudio.TestPlatform.CommandLine.Internal.ConsoleLogger., took 0 ms.
TpTrace Verbose: 0 : 37160, 4, 2024/06/21, 01:02:25.190, 7483145305877, vstest.console.dll, MulticastDelegateUtilities.SafeInvoke: InternalTestLoggerEvents.SendTestResult: Invoking callback 1/1 for Microsoft.VisualStudio.TestPlatform.CommandLine.Internal.ConsoleLogger., took 0 ms.
TpTrace Verbose: 0 : 37160, 4, 2024/06/21, 01:02:25.190, 7483145306163, vstest.console.dll, MulticastDelegateUtilities.SafeInvoke: InternalTestLoggerEvents.SendTestRunMessage: Invoking callback 1/1 for Microsoft.VisualStudio.TestPlatform.CommandLine.Internal.ConsoleLogger., took 0 ms.
TpTrace Verbose: 0 : 37160, 11, 2024/06/21, 01:02:25.204, 7483145443171, vstest.console.dll, TcpClientExtensions.MessageLoopAsync: NotifyDataAvailable remoteEndPoint: 127.0.0.1:52292 localEndPoint: 127.0.0.1:52291
TpTrace Verbose: 0 : 37160, 11, 2024/06/21, 01:02:25.204, 7483145446074, vstest.console.dll, TestRequestSender.OnExecutionMessageReceived: Received message: {"Version":7,"MessageType":"TestExecution.Completed","Payload":{"TestRunCompleteArgs":{"TestRunStatistics":{"ExecutedTests":18,"Stats":{"Passed":18}},"IsCanceled":false,"IsAborted":false,"Error":null,"AttachmentSets":[],"InvokedDataCollectors":[],"ElapsedTimeInRunningTests":"00:00:00.8931592","Metrics":{},"DiscoveredExtensions":{"TestDiscoverers":["Xunit.Runner.VisualStudio.VsTestRunner, xunit.runner.visualstudio.dotnetcore.testadapter, Version=2.4.0.0, Culture=neutral, PublicKeyToken=8d05b1bb7a6fdb6c"],"TestExecutors":["executor://xunit/VsTestRunner2/netcoreapp"],"TestExecutors2":[],"TestSettingsProviders":[]}},"LastRunTests":{"NewTestResults":[{"TestCase":{"Id":"d462f8c1-90f1-46dd-0e78-f2b6ad18eff8","FullyQualifiedName":"NumberConverter_Tests.ConvertLogicTests.AmountToWords_InvalidAmount_ThrowsException","DisplayName":"NumberConverter_Tests.ConvertLogicTests.AmountToWords_InvalidAmount_ThrowsException(amount: null)","ExecutorUri":"executor://xunit/VsTestRunner2/netcoreapp","Source":"C:\\Users\\ignle\\OneDrive\\Desktop\\Vladimir\\KLA_Final\\NumberConverter_Tests\\bin\\Release\\net6.0\\fine-code-coverage\\build-output\\NumberConverter_Tests.dll","CodeFilePath":null,"LineNumber":0,"Properties":[]},"Attachments":[],"Outcome":1,"ErrorMessage":null,"ErrorStackTrace":null,"DisplayName":"NumberConverter_Tests.ConvertLogicTests.AmountToWords_InvalidAmount_ThrowsException(amount: null)","Messages":[],"ComputerName":"TUF1","Duration":"00:00:00.0006889","StartTime":"2024-06-20T23:02:25.1691767+00:00","EndTime":"2024-06-20T23:02:25.1691767+00:00","Properties":[]},{"TestCase":{"Id":"b3b09ec8-3d5c-bd62-344c-7dfe169b48c1","FullyQualifiedName":"NumberConverter_Tests.ConvertLogicTests.AmountToWords_InvalidAmount_ThrowsException","DisplayName":"NumberConverter_Tests.ConvertLogicTests.AmountToWords_InvalidAmount_ThrowsException(amount: \"abcd\")","ExecutorUri":"executor://xunit/VsTestRunner2/netcoreapp","Source":"C:\\Users\\ignle\\OneDrive\\Desktop\\Vladimir\\KLA_Final\\NumberConverter_Tests\\bin\\Release\\net6.0\\fine-code-coverage\\build-output\\NumberConverter_Tests.dll","CodeFilePath":null,"LineNumber":0,"Properties":[]},"Attachments":[],"Outcome":1,"ErrorMessage":null,"ErrorStackTrace":null,"DisplayName":"NumberConverter_Tests.ConvertLogicTests.AmountToWords_InvalidAmount_ThrowsException(amount: \"abcd\")","Messages":[],"ComputerName":"TUF1","Duration":"00:00:00.0001444","StartTime":"2024-06-20T23:02:25.1710907+00:00","EndTime":"2024-06-20T23:02:25.1710907+00:00","Properties":[]},{"TestCase":{"Id":"f075afa5-c756-f5fe-3091-eaf6ea242924","FullyQualifiedName":"NumberConverter_Tests.ConvertLogicTests.AmountToWords_InvalidAmount_ThrowsException","DisplayName":"NumberConverter_Tests.ConvertLogicTests.AmountToWords_InvalidAmount_ThrowsException(amount: \"10000000000\")","ExecutorUri":"executor://xunit/VsTestRunner2/netcoreapp","Source":"C:\\Users\\ignle\\OneDrive\\Desktop\\Vladimir\\KLA_Final\\NumberConverter_Tests\\bin\\Release\\net6.0\\fine-code-coverage\\build-output\\NumberConverter_Tests.dll","CodeFilePath":null,"LineNumber":0,"Properties":[]},"Attachments":[],"Outcome":1,"ErrorMessage":null,"ErrorStackTrace":null,"DisplayName":"NumberConverter_Tests.ConvertLogicTests.AmountToWords_InvalidAmount_ThrowsException(amount: \"10000000000\")","Messages":[],"ComputerName":"TUF1","Duration":"00:00:00.0000516","StartTime":"2024-06-20T23:02:25.1726327+00:00","EndTime":"2024-06-20T23:02:25.1726327+00:00","Properties":[]},{"TestCase":{"Id":"e2c1ddc9-3263-6e42-8c84-32e782000045","FullyQualifiedName":"NumberConverter_Tests.ConvertLogicTests.AmountToWords_InvalidAmount_ThrowsException","DisplayName":"NumberConverter_Tests.ConvertLogicTests.AmountToWords_InvalidAmount_ThrowsException(amount: \"\")","ExecutorUri":"executor://xunit/VsTestRunner2/netcoreapp","Source":"C:\\Users\\ignle\\OneDrive\\Desktop\\Vladimir\\KLA_Final\\NumberConverter_Tests\\bin\\Release\\net6.0\\fine-code-coverage\\build-output\\NumberConverter_Tests.dll","CodeFilePath":null,"LineNumber":0,"Properties":[]},"Attachments":[],"Outcome":1,"ErrorMessage":null,"ErrorStackTrace":null,"DisplayName":"NumberConverter_Tests.ConvertLogicTests.AmountToWords_InvalidAmount_ThrowsException(amount: \"\")","Messages":[],"ComputerName":"TUF1","Duration":"00:00:00.0000382","StartTime":"2024-06-20T23:02:25.1739824+00:00","EndTime":"2024-06-20T23:02:25.1739824+00:00","Properties":[]},{"TestCase":{"Id":"5e3ef349-e787-f131-e7cd-cf8c8b1659da","FullyQualifiedName":"NumberConverter_Tests.ConvertLogicTests.AmountToWords_InvalidAmount_ThrowsException","DisplayName":"NumberConverter_Tests.ConvertLogicTests.AmountToWords_InvalidAmount_ThrowsException(amount: \"1000,1000,1000\")","ExecutorUri":"executor://xunit/VsTestRunner2/netcoreapp","Source":"C:\\Users\\ignle\\OneDrive\\Desktop\\Vladimir\\KLA_Final\\NumberConverter_Tests\\bin\\Release\\net6.0\\fine-code-coverage\\build-output\\NumberConverter_Tests.dll","CodeFilePath":null,"LineNumber":0,"Properties":[]},"Attachments":[],"Outcome":1,"ErrorMessage":null,"ErrorStackTrace":null,"DisplayName":"NumberConverter_Tests.ConvertLogicTests.AmountToWords_InvalidAmount_ThrowsException(amount: \"1000,1000,1000\")","Messages":[],"ComputerName":"TUF1","Duration":"00:00:00.0000314","StartTime":"2024-06-20T23:02:25.1757978+00:00","EndTime":"2024-06-20T23:02:25.1757978+00:00","Properties":[]},{"TestCase":{"Id":"f27b9ed1-51ea-aff2-6cfa-df0179d2980f","FullyQualifiedName":"NumberConverter_Tests.ConvertLogicTests.AmountToWords_ValidAmountWithCents_ReturnsCorrectWords","DisplayName":"NumberConverter_Tests.ConvertLogicTests.AmountToWords_ValidAmountWithCents_ReturnsCorrectWords(amount: \"1000,50\", expectedWords: \"one thousand dollars and fifty cents\")","ExecutorUri":"executor://xunit/VsTestRunner2/netcoreapp","Source":"C:\\Users\\ignle\\OneDrive\\Desktop\\Vladimir\\KLA_Final\\NumberConverter_Tests\\bin\\Release\\net6.0\\fine-code-coverage\\build-output\\NumberConverter_Tests.dll","CodeFilePath":null,"LineNumber":0,"Properties":[]},"Attachments":[],"Outcome":1,"ErrorMessage":null,"ErrorStackTrace":null,"DisplayName":"NumberConverter_Tests.ConvertLogicTests.AmountToWords_ValidAmountWithCents_ReturnsCorrectWords(amount: \"1000,50\", expectedWords: \"one thousand dollars and fifty cents\")","Messages":[],"ComputerName":"TUF1","Duration":"00:00:00.0000749","StartTime":"2024-06-20T23:02:25.1773863+00:00","EndTime":"2024-06-20T23:02:25.1773863+00:00","Properties":[]},{"TestCase":{"Id":"3eac6471-1757-804b-fbe3-44f9c67c639f","FullyQualifiedName":"NumberConverter_Tests.ConvertLogicTests.AmountToWords_ValidAmountWithCents_ReturnsCorrectWords","DisplayName":"NumberConverter_Tests.ConvertLogicTests.AmountToWords_ValidAmountWithCents_ReturnsCorrectWords(amount: \"123,45\", expectedWords: \"one hundred twenty-three dollars and forty-five ce\"...)","ExecutorUri":"executor://xunit/VsTestRunner2/netcoreapp","Source":"C:\\Users\\ignle\\OneDrive\\Desktop\\Vladimir\\KLA_Final\\NumberConverter_Tests\\bin\\Release\\net6.0\\fine-code-coverage\\build-output\\NumberConverter_Tests.dll","CodeFilePath":null,"LineNumber":0,"Properties":[]},"Attachments":[],"Outcome":1,"ErrorMessage":null,"ErrorStackTrace":null,"DisplayName":"NumberConverter_Tests.ConvertLogicTests.AmountToWords_ValidAmountWithCents_ReturnsCorrectWords(amount: \"123,45\", expectedWords: \"one hundred twenty-three dollars and forty-five ce\"...)","Messages":[],"ComputerName":"TUF1","Duration":"00:00:00.0000067","StartTime":"2024-06-20T23:02:25.1790513+00:00","EndTime":"2024-06-20T23:02:25.1790514+00:00","Properties":[]},{"TestCase":{"Id":"f5466aee-be55-f0be-4375-88c337d68bd2","FullyQualifiedName":"NumberConverter_Tests.ConvertLogicTests.AmountToWords_ValidAmountWithCents_ReturnsCorrectWords","DisplayName":"NumberConverter_Tests.ConvertLogicTests.AmountToWords_ValidAmountWithCents_ReturnsCorrectWords(amount: \"0,99\", expectedWords: \"zero dollars and ninety-nine cents\")","ExecutorUri":"executor://xunit/VsTestRunner2/netcoreapp","Source":"C:\\Users\\ignle\\OneDrive\\Desktop\\Vladimir\\KLA_Final\\NumberConverter_Tests\\bin\\Release\\net6.0\\fine-code-coverage\\build-output\\NumberConverter_Tests.dll","CodeFilePath":null,"LineNumber":0,"Properties":[]},"Attachments":[],"Outcome":1,"ErrorMessage":null,"ErrorStackTrace":null,"DisplayName":"NumberConverter_Tests.ConvertLogicTests.AmountToWords_ValidAmountWithCents_ReturnsCorrectWords(amount: \"0,99\", expectedWords: \"zero dollars and ninety-nine cents\")","Messages":[],"ComputerName":"TUF1","Duration":"00:00:00.0000044","StartTime":"2024-06-20T23:02:25.180401+00:00","EndTime":"2024-06-20T23:02:25.180401+00:00","Properties":[]},{"TestCase":{"Id":"e02cf609-c60b-8d78-d578-7565cb85111c","FullyQualifiedName":"NumberConverter_Tests.ConvertLogicTests.AmountToWords_ValidAmountWithCents_ReturnsCorrectWords","DisplayName":"NumberConverter_Tests.ConvertLogicTests.AmountToWords_ValidAmountWithCents_ReturnsCorrectWords(amount: \"1,01\", expectedWords: \"one dollar and one cent\")","ExecutorUri":"executor://xunit/VsTestRunner2/netcoreapp","Source":"C:\\Users\\ignle\\OneDrive\\Desktop\\Vladimir\\KLA_Final\\NumberConverter_Tests\\bin\\Release\\net6.0\\fine-code-coverage\\build-output\\NumberConverter_Tests.dll","CodeFilePath":null,"LineNumber":0,"Properties":[]},"Attachments":[],"Outcome":1,"ErrorMessage":null,"ErrorStackTrace":null,"DisplayName":"NumberConverter_Tests.ConvertLogicTests.AmountToWords_ValidAmountWithCents_ReturnsCorrectWords(amount: \"1,01\", expectedWords: \"one dollar and one cent\")","Messages":[],"ComputerName":"TUF1","Duration":"00:00:00.0000034","StartTime":"2024-06-20T23:02:25.1817994+00:00","EndTime":"2024-06-20T23:02:25.1817994+00:00","Properties":[]}],"TestRunStatistics":{"ExecutedTests":18,"Stats":{"Passed":18}},"ActiveTests":[]},"RunAttachments":[],"ExecutorUris":["executor://xunit/VsTestRunner2/netcoreapp"]}}
TpTrace Verbose: 0 : 37160, 11, 2024/06/21, 01:02:25.205, 7483145447667, vstest.console.dll, TestRequestSender.EndSession: Sending end session.
TpTrace Verbose: 0 : 37160, 11, 2024/06/21, 01:02:25.205, 7483145449574, vstest.console.dll, ProxyOperationManager.Close: waiting for test host to exit for 100 ms
TpTrace Verbose: 0 : 37160, 7, 2024/06/21, 01:02:25.222, 7483145621216, vstest.console.dll, TestHostManagerCallbacks.ctor: Experimental forwarding output is disabled.
TpTrace Warning: 0 : 37160, 7, 2024/06/21, 01:02:25.222, 7483145623346, vstest.console.dll, TestHostManagerCallbacks.ErrorReceivedCallback Test host standard error line: 
TpTrace Verbose: 0 : 37160, 7, 2024/06/21, 01:02:25.238, 7483145786038, vstest.console.dll, TestHostProvider.ExitCallBack: Host exited starting callback.
TpTrace Information: 0 : 37160, 7, 2024/06/21, 01:02:25.239, 7483145787720, vstest.console.dll, TestHostManagerCallbacks.ExitCallBack: Testhost processId: 37812 exited with exitcode: 0 error: ''
TpTrace Verbose: 0 : 37160, 7, 2024/06/21, 01:02:25.239, 7483145788049, vstest.console.dll, DotnetTestHostManager.OnHostExited: invoking OnHostExited callback
TpTrace Verbose: 0 : 37160, 7, 2024/06/21, 01:02:25.239, 7483145788562, vstest.console.dll, CrossPlatEngine.TestHostManagerHostExited: calling on client process exit callback.
TpTrace Information: 0 : 37160, 7, 2024/06/21, 01:02:25.239, 7483145789001, vstest.console.dll, TestRequestSender.OnClientProcessExit: Test host process exited. Standard error: 
TpTrace Information: 0 : 37160, 11, 2024/06/21, 01:02:25.239, 7483145789295, vstest.console.dll, SocketServer.Stop: Stop server endPoint: 127.0.0.1:52291
TpTrace Information: 0 : 37160, 7, 2024/06/21, 01:02:25.239, 7483145789437, vstest.console.dll, SocketServer.Stop: Stop server endPoint: 127.0.0.1:52291
TpTrace Information: 0 : 37160, 11, 2024/06/21, 01:02:25.239, 7483145789792, vstest.console.dll, SocketServer.Stop: Cancellation requested. Stopping message loop.
TpTrace Information: 0 : 37160, 7, 2024/06/21, 01:02:25.239, 7483145790105, vstest.console.dll, SocketServer.Stop: Cancellation requested. Stopping message loop.
TpTrace Verbose: 0 : 37160, 7, 2024/06/21, 01:02:25.239, 7483145790777, vstest.console.dll, MulticastDelegateUtilities.SafeInvoke: HostProviderEvents.OnHostExited: Invoking callback 1/1 for Microsoft.VisualStudio.TestPlatform.CrossPlatEngine.Client.ProxyOperationManager., took 0 ms.
TpTrace Information: 0 : 37160, 11, 2024/06/21, 01:02:25.239, 7483145791273, vstest.console.dll, Closing the connection
TpTrace Verbose: 0 : 37160, 11, 2024/06/21, 01:02:25.239, 7483145793288, vstest.console.dll, ProxyDataCollectionManager.InvokeDataCollectionServiceAction: Starting.
TpTrace Information: 0 : 37160, 11, 2024/06/21, 01:02:25.239, 7483145793834, vstest.console.dll, ProxyDataCollectionManager.AfterTestRunEnd: Get attachment set and invoked data collectors processId: 37112 port: 52288
TpTrace Verbose: 0 : 37160, 11, 2024/06/21, 01:02:25.239, 7483145794258, vstest.console.dll, DataCollectionRequestSender.SendAfterTestRunStartAndGetResult: Send AfterTestRunEnd message with isCancelled: False
TpTrace Verbose: 0 : 37160, 11, 2024/06/21, 01:02:25.245, 7483145847667, vstest.console.dll, DataCollectionRequestSender.SendAfterTestRunStartAndGetResult: Received message: (DataCollection.AfterTestRunEndResult) -> {"MessageType":"DataCollection.AfterTestRunEndResult","Payload":{"AttachmentSets":[],"InvokedDataCollectors":[{"Uri":"datacollector://Microsoft/TestPlatform/Extensions/Blame/v1","FriendlyName":"Blame","AssemblyQualifiedName":"Microsoft.TestPlatform.Extensions.BlameDataCollector.BlameCollector, Microsoft.TestPlatform.Extensions.BlameDataCollector, Version=15.0.0.0, Culture=neutral, PublicKeyToken=b03f5f7f11d50a3a","FilePath":"C:\\Program Files\\dotnet\\sdk\\8.0.300\\Extensions\\Microsoft.TestPlatform.Extensions.BlameDataCollector.dll","HasAttachmentProcessor":false}],"Metrics":{}}}
TpTrace Information: 0 : 37160, 11, 2024/06/21, 01:02:25.249, 7483145892631, vstest.console.dll, ProxyDataCollectionManager.InvokeDataCollectionServiceAction: Completed.
TpTrace Warning: 0 : 37160, 10, 2024/06/21, 01:02:25.251, 7483145917321, vstest.console.dll, DataCollectionLauncher.ErrorReceivedCallback datacollector standard error line: 
TpTrace Information: 0 : 37160, 10, 2024/06/21, 01:02:25.259, 7483145992981, vstest.console.dll, DataCollectionLauncher.ExitCallBack: Data collector exited with exitcode: 0 error: ''
TpTrace Verbose: 0 : 37160, 11, 2024/06/21, 01:02:25.288, 7483146280908, vstest.console.dll, TestRunRequest:SendTestRunStatsChange: Starting.
TpTrace Verbose: 0 : 37160, 11, 2024/06/21, 01:02:25.288, 7483146282892, vstest.console.dll, MulticastDelegateUtilities.SafeInvoke: TestRun.RunStatsChanged: Invoking callbacks was skipped because there are no subscribers.
TpTrace Information: 0 : 37160, 11, 2024/06/21, 01:02:25.288, 7483146283394, vstest.console.dll, TestRunRequest:SendTestRunStatsChange: Completed.
TpTrace Verbose: 0 : 37160, 4, 2024/06/21, 01:02:25.288, 7483146283590, vstest.console.dll, MulticastDelegateUtilities.SafeInvoke: InternalTestLoggerEvents.SendTestResult: Invoking callback 1/1 for Microsoft.VisualStudio.TestPlatform.CommandLine.Internal.ConsoleLogger., took 0 ms.
TpTrace Verbose: 0 : 37160, 4, 2024/06/21, 01:02:25.288, 7483146284248, vstest.console.dll, MulticastDelegateUtilities.SafeInvoke: InternalTestLoggerEvents.SendTestResult: Invoking callback 1/1 for Microsoft.VisualStudio.TestPlatform.CommandLine.Internal.ConsoleLogger., took 0 ms.
TpTrace Verbose: 0 : 37160, 4, 2024/06/21, 01:02:25.288, 7483146284719, vstest.console.dll, MulticastDelegateUtilities.SafeInvoke: InternalTestLoggerEvents.SendTestResult: Invoking callback 1/1 for Microsoft.VisualStudio.TestPlatform.CommandLine.Internal.ConsoleLogger., took 0 ms.
TpTrace Verbose: 0 : 37160, 4, 2024/06/21, 01:02:25.288, 7483146285169, vstest.console.dll, MulticastDelegateUtilities.SafeInvoke: InternalTestLoggerEvents.SendTestResult: Invoking callback 1/1 for Microsoft.VisualStudio.TestPlatform.CommandLine.Internal.ConsoleLogger., took 0 ms.
TpTrace Verbose: 0 : 37160, 4, 2024/06/21, 01:02:25.288, 7483146285629, vstest.console.dll, MulticastDelegateUtilities.SafeInvoke: InternalTestLoggerEvents.SendTestResult: Invoking callback 1/1 for Microsoft.VisualStudio.TestPlatform.CommandLine.Internal.ConsoleLogger., took 0 ms.
TpTrace Verbose: 0 : 37160, 4, 2024/06/21, 01:02:25.288, 7483146286082, vstest.console.dll, MulticastDelegateUtilities.SafeInvoke: InternalTestLoggerEvents.SendTestResult: Invoking callback 1/1 for Microsoft.VisualStudio.TestPlatform.CommandLine.Internal.ConsoleLogger., took 0 ms.
TpTrace Verbose: 0 : 37160, 4, 2024/06/21, 01:02:25.288, 7483146286719, vstest.console.dll, MulticastDelegateUtilities.SafeInvoke: InternalTestLoggerEvents.SendTestResult: Invoking callback 1/1 for Microsoft.VisualStudio.TestPlatform.CommandLine.Internal.ConsoleLogger., took 0 ms.
TpTrace Verbose: 0 : 37160, 11, 2024/06/21, 01:02:25.288, 7483146287148, vstest.console.dll, ParallelProxyExecutionManager: HandlePartialRunComplete: Total workloads = 1, Total started clients = 1 Total completed clients = 1, Run complete = True, Run canceled: False.
TpTrace Verbose: 0 : 37160, 11, 2024/06/21, 01:02:25.289, 7483146287574, vstest.console.dll, ParallelProxyExecutionManager: HandlePartialRunComplete: All runs completed stopping all managers.
TpTrace Verbose: 0 : 37160, 11, 2024/06/21, 01:02:25.289, 7483146287975, vstest.console.dll, ParallelOperationManager.StopAllManagers: Stopping all managers.
TpTrace Verbose: 0 : 37160, 11, 2024/06/21, 01:02:25.289, 7483146288361, vstest.console.dll, ParallelOperationManager.ClearSlots: Clearing all slots. Slots should accept more work: False
TpTrace Verbose: 0 : 37160, 11, 2024/06/21, 01:02:25.289, 7483146288938, vstest.console.dll, ParallelOperationManager.SetOccupiedSlotCount: Setting slot counts AvailableSlotCount = 1, OccupiedSlotCount = 0.
TpTrace Verbose: 0 : 37160, 11, 2024/06/21, 01:02:25.289, 7483146289585, vstest.console.dll, Occupied slots:

TpTrace Verbose: 0 : 37160, 4, 2024/06/21, 01:02:25.289, 7483146297380, vstest.console.dll, MulticastDelegateUtilities.SafeInvoke: InternalTestLoggerEvents.SendTestResult: Invoking callback 1/1 for Microsoft.VisualStudio.TestPlatform.CommandLine.Internal.ConsoleLogger., took 1 ms.
TpTrace Verbose: 0 : 37160, 4, 2024/06/21, 01:02:25.290, 7483146299284, vstest.console.dll, MulticastDelegateUtilities.SafeInvoke: InternalTestLoggerEvents.SendTestResult: Invoking callback 1/1 for Microsoft.VisualStudio.TestPlatform.CommandLine.Internal.ConsoleLogger., took 0 ms.
TpTrace Verbose: 0 : 37160, 4, 2024/06/21, 01:02:25.297, 7483146370465, vstest.console.dll, MulticastDelegateUtilities.SafeInvoke: InternalTestLoggerEvents.SendTestRunComplete: Invoking callback 1/2 for Microsoft.TestPlatform.Extensions.BlameDataCollector.BlameLogger., took 0 ms.
TpTrace Verbose: 0 : 37160, 4, 2024/06/21, 01:02:25.303, 7483146433109, vstest.console.dll, MulticastDelegateUtilities.SafeInvoke: InternalTestLoggerEvents.SendTestRunComplete: Invoking callback 2/2 for Microsoft.VisualStudio.TestPlatform.CommandLine.Internal.ConsoleLogger., took 6 ms.
TpTrace Verbose: 0 : 37160, 11, 2024/06/21, 01:02:25.304, 7483146437995, vstest.console.dll, TestRunRequest:TestRunComplete: Starting. IsAborted:False IsCanceled:False.
TpTrace Verbose: 0 : 37160, 11, 2024/06/21, 01:02:25.304, 7483146440145, vstest.console.dll, ParallelOperationManager.DoActionOnAllManagers: Calling an action on all managers.
TpTrace Verbose: 0 : 37160, 11, 2024/06/21, 01:02:25.305, 7483146452594, vstest.console.dll, TestLoggerManager.HandleTestRunComplete: Ignoring as the object is disposed.
TpTrace Verbose: 0 : 37160, 11, 2024/06/21, 01:02:25.305, 7483146455196, vstest.console.dll, MulticastDelegateUtilities.SafeInvoke: TestRun.TestRunComplete: Invoking callback 1/2 for Microsoft.VisualStudio.TestPlatform.CommandLine.TestRunResultAggregator., took 0 ms.
TpTrace Verbose: 0 : 37160, 11, 2024/06/21, 01:02:25.305, 7483146456732, vstest.console.dll, MulticastDelegateUtilities.SafeInvoke: TestRun.TestRunComplete: Invoking callback 2/2 for Microsoft.VisualStudio.TestPlatform.CommandLine.Processors.RunTestsArgumentExecutor+TestRunRequestEventsRegistrar., took 0 ms.
TpTrace Information: 0 : 37160, 11, 2024/06/21, 01:02:25.306, 7483146458093, vstest.console.dll, TestRunRequest:TestRunComplete: Completed.
TpTrace Verbose: 0 : 37160, 1, 2024/06/21, 01:02:25.306, 7483146458211, vstest.console.dll, TestRunRequest.Dispose: Starting.
TpTrace Verbose: 0 : 37160, 11, 2024/06/21, 01:02:25.306, 7483146459210, vstest.console.dll, TestRequestSender.SetOperationComplete: Setting operation complete.
TpTrace Information: 0 : 37160, 1, 2024/06/21, 01:02:25.306, 7483146459240, vstest.console.dll, TestRunRequest.Dispose: Completed.
TpTrace Information: 0 : 37160, 11, 2024/06/21, 01:02:25.306, 7483146459744, vstest.console.dll, SocketServer.Stop: Stop server endPoint: 127.0.0.1:52291
TpTrace Information: 0 : 37160, 1, 2024/06/21, 01:02:25.306, 7483146460317, vstest.console.dll, TestRequestManager.RunTests: run tests completed.
TpTrace Information: 0 : 37160, 11, 2024/06/21, 01:02:25.306, 7483146460770, vstest.console.dll, SocketServer.Stop: Cancellation requested. Stopping message loop.
TpTrace Information: 0 : 37160, 1, 2024/06/21, 01:02:25.306, 7483146461282, vstest.console.dll, RunTestsArgumentProcessor:Execute: Test run is completed.
TpTrace Verbose: 0 : 37160, 11, 2024/06/21, 01:02:25.306, 7483146461276, vstest.console.dll, MulticastDelegateUtilities.SafeInvoke: LengthPrefixCommunicationChannel: MessageReceived: Invoking callback 1/1 for Microsoft.VisualStudio.TestPlatform.CommunicationUtilities.TestRequestSender+<>c__DisplayClass34_0., took 101 ms.
TpTrace Information: 0 : 37160, 11, 2024/06/21, 01:02:25.306, 7483146462208, vstest.console.dll, SocketServer.PrivateStop: Stopping server endPoint: 127.0.0.1:52291 error: 
TpTrace Verbose: 0 : 37160, 1, 2024/06/21, 01:02:25.306, 7483146464900, vstest.console.dll, Executor.Execute: Exiting with exit code of 0
TpTrace Verbose: 0 : 37160, 11, 2024/06/21, 01:02:25.307, 7483146469412, vstest.console.dll, LengthPrefixCommunicationChannel.Dispose: Dispose reader and writer.
